2024.07.01 22:12:22 INFO  tracing is disabled for protocol LSP, to enable tracing of incoming and outgoing JSON messages create an empty file at f:\Scala\labsheets\labsheet_3\.metals\lsp.trace.json
Exception in thread "main" java.lang.RuntimeException: Couldn't find pwsh.exe or powershell.exe on path or in default system locations
	at dev.dirs.Util.windowsFallback(Util.java:284)
	at dev.dirs.Util.getWinDirs(Util.java:166)
	at dev.dirs.ProjectDirectories.fromPath(ProjectDirectories.java:255)
	at scala.meta.internal.bsp.BspServers$.globalInstallDirectories(BspServers.scala:206)
	at scala.meta.internal.metals.MetalsServerInputs$.productionConfiguration(MetalsServerInputs.scala:72)
	at scala.meta.metals.MetalsLanguageServer$.$lessinit$greater$default$3(MetalsLanguageServer.scala:48)
	at scala.meta.metals.Main$.main(Main.scala:45)
	at scala.meta.metals.Main.main(Main.scala)
Caused by: java.io.IOException: Cannot run program "C:\WINDOWS\System32\WindowsPowerShell\v1.0\powershell.exe": CreateProcess error=225, Operation did not complete successfully because the file contains a virus or potentially unwanted software
	at java.base/java.lang.ProcessBuilder.start(ProcessBuilder.java:1143)
	at java.base/java.lang.ProcessBuilder.start(ProcessBuilder.java:1073)
	at dev.dirs.Util.runCommands(Util.java:197)
	at dev.dirs.Util.runWinCommands(Util.java:233)
	at dev.dirs.Util.windowsFallback(Util.java:282)
	... 7 more
Caused by: java.io.IOException: CreateProcess error=225, Operation did not complete successfully because the file contains a virus or potentially unwanted software
	at java.base/java.lang.ProcessImpl.create(Native Method)
	at java.base/java.lang.ProcessImpl.<init>(ProcessImpl.java:494)
	at java.base/java.lang.ProcessImpl.start(ProcessImpl.java:159)
	at java.base/java.lang.ProcessBuilder.start(ProcessBuilder.java:1110)
	... 11 more
2024.07.01 22:12:25 INFO  tracing is disabled for protocol LSP, to enable tracing of incoming and outgoing JSON messages create an empty file at f:\Scala\labsheets\labsheet_3\.metals\lsp.trace.json
Exception in thread "main" java.lang.RuntimeException: Couldn't find pwsh.exe or powershell.exe on path or in default system locations
	at dev.dirs.Util.windowsFallback(Util.java:284)
	at dev.dirs.Util.getWinDirs(Util.java:166)
	at dev.dirs.ProjectDirectories.fromPath(ProjectDirectories.java:255)
	at scala.meta.internal.bsp.BspServers$.globalInstallDirectories(BspServers.scala:206)
	at scala.meta.internal.metals.MetalsServerInputs$.productionConfiguration(MetalsServerInputs.scala:72)
	at scala.meta.metals.MetalsLanguageServer$.$lessinit$greater$default$3(MetalsLanguageServer.scala:48)
	at scala.meta.metals.Main$.main(Main.scala:45)
	at scala.meta.metals.Main.main(Main.scala)
Caused by: java.io.IOException: Cannot run program "C:\WINDOWS\System32\WindowsPowerShell\v1.0\powershell.exe": CreateProcess error=225, Operation did not complete successfully because the file contains a virus or potentially unwanted software
	at java.base/java.lang.ProcessBuilder.start(ProcessBuilder.java:1143)
	at java.base/java.lang.ProcessBuilder.start(ProcessBuilder.java:1073)
	at dev.dirs.Util.runCommands(Util.java:197)
	at dev.dirs.Util.runWinCommands(Util.java:233)
	at dev.dirs.Util.windowsFallback(Util.java:282)
	... 7 more
Caused by: java.io.IOException: CreateProcess error=225, Operation did not complete successfully because the file contains a virus or potentially unwanted software
	at java.base/java.lang.ProcessImpl.create(Native Method)
	at java.base/java.lang.ProcessImpl.<init>(ProcessImpl.java:494)
	at java.base/java.lang.ProcessImpl.start(ProcessImpl.java:159)
	at java.base/java.lang.ProcessBuilder.start(ProcessBuilder.java:1110)
	... 11 more
2024.07.01 22:12:27 INFO  tracing is disabled for protocol LSP, to enable tracing of incoming and outgoing JSON messages create an empty file at f:\Scala\labsheets\labsheet_3\.metals\lsp.trace.json
Exception in thread "main" java.lang.RuntimeException: Couldn't find pwsh.exe or powershell.exe on path or in default system locations
	at dev.dirs.Util.windowsFallback(Util.java:284)
	at dev.dirs.Util.getWinDirs(Util.java:166)
	at dev.dirs.ProjectDirectories.fromPath(ProjectDirectories.java:255)
	at scala.meta.internal.bsp.BspServers$.globalInstallDirectories(BspServers.scala:206)
	at scala.meta.internal.metals.MetalsServerInputs$.productionConfiguration(MetalsServerInputs.scala:72)
	at scala.meta.metals.MetalsLanguageServer$.$lessinit$greater$default$3(MetalsLanguageServer.scala:48)
	at scala.meta.metals.Main$.main(Main.scala:45)
	at scala.meta.metals.Main.main(Main.scala)
Caused by: java.io.IOException: Cannot run program "C:\WINDOWS\System32\WindowsPowerShell\v1.0\powershell.exe": CreateProcess error=225, Operation did not complete successfully because the file contains a virus or potentially unwanted software
	at java.base/java.lang.ProcessBuilder.start(ProcessBuilder.java:1143)
	at java.base/java.lang.ProcessBuilder.start(ProcessBuilder.java:1073)
	at dev.dirs.Util.runCommands(Util.java:197)
	at dev.dirs.Util.runWinCommands(Util.java:233)
	at dev.dirs.Util.windowsFallback(Util.java:282)
	... 7 more
Caused by: java.io.IOException: CreateProcess error=225, Operation did not complete successfully because the file contains a virus or potentially unwanted software
	at java.base/java.lang.ProcessImpl.create(Native Method)
	at java.base/java.lang.ProcessImpl.<init>(ProcessImpl.java:494)
	at java.base/java.lang.ProcessImpl.start(ProcessImpl.java:159)
	at java.base/java.lang.ProcessBuilder.start(ProcessBuilder.java:1110)
	... 11 more
2024.07.01 22:12:30 INFO  tracing is disabled for protocol LSP, to enable tracing of incoming and outgoing JSON messages create an empty file at f:\Scala\labsheets\labsheet_3\.metals\lsp.trace.json
Exception in thread "main" java.lang.RuntimeException: Couldn't find pwsh.exe or powershell.exe on path or in default system locations
	at dev.dirs.Util.windowsFallback(Util.java:284)
	at dev.dirs.Util.getWinDirs(Util.java:166)
	at dev.dirs.ProjectDirectories.fromPath(ProjectDirectories.java:255)
	at scala.meta.internal.bsp.BspServers$.globalInstallDirectories(BspServers.scala:206)
	at scala.meta.internal.metals.MetalsServerInputs$.productionConfiguration(MetalsServerInputs.scala:72)
	at scala.meta.metals.MetalsLanguageServer$.$lessinit$greater$default$3(MetalsLanguageServer.scala:48)
	at scala.meta.metals.Main$.main(Main.scala:45)
	at scala.meta.metals.Main.main(Main.scala)
Caused by: java.io.IOException: Cannot run program "C:\WINDOWS\System32\WindowsPowerShell\v1.0\powershell.exe": CreateProcess error=225, Operation did not complete successfully because the file contains a virus or potentially unwanted software
	at java.base/java.lang.ProcessBuilder.start(ProcessBuilder.java:1143)
	at java.base/java.lang.ProcessBuilder.start(ProcessBuilder.java:1073)
	at dev.dirs.Util.runCommands(Util.java:197)
	at dev.dirs.Util.runWinCommands(Util.java:233)
	at dev.dirs.Util.windowsFallback(Util.java:282)
	... 7 more
Caused by: java.io.IOException: CreateProcess error=225, Operation did not complete successfully because the file contains a virus or potentially unwanted software
	at java.base/java.lang.ProcessImpl.create(Native Method)
	at java.base/java.lang.ProcessImpl.<init>(ProcessImpl.java:494)
	at java.base/java.lang.ProcessImpl.start(ProcessImpl.java:159)
	at java.base/java.lang.ProcessBuilder.start(ProcessBuilder.java:1110)
	... 11 more
2024.07.01 22:12:32 INFO  tracing is disabled for protocol LSP, to enable tracing of incoming and outgoing JSON messages create an empty file at f:\Scala\labsheets\labsheet_3\.metals\lsp.trace.json
Exception in thread "main" java.lang.RuntimeException: Couldn't find pwsh.exe or powershell.exe on path or in default system locations
	at dev.dirs.Util.windowsFallback(Util.java:284)
	at dev.dirs.Util.getWinDirs(Util.java:166)
	at dev.dirs.ProjectDirectories.fromPath(ProjectDirectories.java:255)
	at scala.meta.internal.bsp.BspServers$.globalInstallDirectories(BspServers.scala:206)
	at scala.meta.internal.metals.MetalsServerInputs$.productionConfiguration(MetalsServerInputs.scala:72)
	at scala.meta.metals.MetalsLanguageServer$.$lessinit$greater$default$3(MetalsLanguageServer.scala:48)
	at scala.meta.metals.Main$.main(Main.scala:45)
	at scala.meta.metals.Main.main(Main.scala)
Caused by: java.io.IOException: Cannot run program "C:\WINDOWS\System32\WindowsPowerShell\v1.0\powershell.exe": CreateProcess error=225, Operation did not complete successfully because the file contains a virus or potentially unwanted software
	at java.base/java.lang.ProcessBuilder.start(ProcessBuilder.java:1143)
	at java.base/java.lang.ProcessBuilder.start(ProcessBuilder.java:1073)
	at dev.dirs.Util.runCommands(Util.java:197)
	at dev.dirs.Util.runWinCommands(Util.java:233)
	at dev.dirs.Util.windowsFallback(Util.java:282)
	... 7 more
Caused by: java.io.IOException: CreateProcess error=225, Operation did not complete successfully because the file contains a virus or potentially unwanted software
	at java.base/java.lang.ProcessImpl.create(Native Method)
	at java.base/java.lang.ProcessImpl.<init>(ProcessImpl.java:494)
	at java.base/java.lang.ProcessImpl.start(ProcessImpl.java:159)
	at java.base/java.lang.ProcessBuilder.start(ProcessBuilder.java:1110)
	... 11 more
2024.07.02 08:27:41 INFO  tracing is disabled for protocol LSP, to enable tracing of incoming and outgoing JSON messages create an empty file at f:\Scala\labsheets\labsheet_3\.metals\lsp.trace.json
Exception in thread "main" java.lang.RuntimeException: Couldn't find pwsh.exe or powershell.exe on path or in default system locations
	at dev.dirs.Util.windowsFallback(Util.java:284)
	at dev.dirs.Util.getWinDirs(Util.java:166)
	at dev.dirs.ProjectDirectories.fromPath(ProjectDirectories.java:255)
	at scala.meta.internal.bsp.BspServers$.globalInstallDirectories(BspServers.scala:206)
	at scala.meta.internal.metals.MetalsServerInputs$.productionConfiguration(MetalsServerInputs.scala:72)
	at scala.meta.metals.MetalsLanguageServer$.$lessinit$greater$default$3(MetalsLanguageServer.scala:48)
	at scala.meta.metals.Main$.main(Main.scala:45)
	at scala.meta.metals.Main.main(Main.scala)
Caused by: java.io.IOException: Cannot run program "C:\WINDOWS\System32\WindowsPowerShell\v1.0\powershell.exe": CreateProcess error=225, Operation did not complete successfully because the file contains a virus or potentially unwanted software
	at java.base/java.lang.ProcessBuilder.start(ProcessBuilder.java:1143)
	at java.base/java.lang.ProcessBuilder.start(ProcessBuilder.java:1073)
	at dev.dirs.Util.runCommands(Util.java:197)
	at dev.dirs.Util.runWinCommands(Util.java:233)
	at dev.dirs.Util.windowsFallback(Util.java:282)
	... 7 more
Caused by: java.io.IOException: CreateProcess error=225, Operation did not complete successfully because the file contains a virus or potentially unwanted software
	at java.base/java.lang.ProcessImpl.create(Native Method)
	at java.base/java.lang.ProcessImpl.<init>(ProcessImpl.java:494)
	at java.base/java.lang.ProcessImpl.start(ProcessImpl.java:159)
	at java.base/java.lang.ProcessBuilder.start(ProcessBuilder.java:1110)
	... 11 more
2024.07.02 08:27:44 INFO  tracing is disabled for protocol LSP, to enable tracing of incoming and outgoing JSON messages create an empty file at f:\Scala\labsheets\labsheet_3\.metals\lsp.trace.json
Exception in thread "main" java.lang.RuntimeException: Couldn't find pwsh.exe or powershell.exe on path or in default system locations
	at dev.dirs.Util.windowsFallback(Util.java:284)
	at dev.dirs.Util.getWinDirs(Util.java:166)
	at dev.dirs.ProjectDirectories.fromPath(ProjectDirectories.java:255)
	at scala.meta.internal.bsp.BspServers$.globalInstallDirectories(BspServers.scala:206)
	at scala.meta.internal.metals.MetalsServerInputs$.productionConfiguration(MetalsServerInputs.scala:72)
	at scala.meta.metals.MetalsLanguageServer$.$lessinit$greater$default$3(MetalsLanguageServer.scala:48)
	at scala.meta.metals.Main$.main(Main.scala:45)
	at scala.meta.metals.Main.main(Main.scala)
Caused by: java.io.IOException: Cannot run program "C:\WINDOWS\System32\WindowsPowerShell\v1.0\powershell.exe": CreateProcess error=225, Operation did not complete successfully because the file contains a virus or potentially unwanted software
	at java.base/java.lang.ProcessBuilder.start(ProcessBuilder.java:1143)
	at java.base/java.lang.ProcessBuilder.start(ProcessBuilder.java:1073)
	at dev.dirs.Util.runCommands(Util.java:197)
	at dev.dirs.Util.runWinCommands(Util.java:233)
	at dev.dirs.Util.windowsFallback(Util.java:282)
	... 7 more
Caused by: java.io.IOException: CreateProcess error=225, Operation did not complete successfully because the file contains a virus or potentially unwanted software
	at java.base/java.lang.ProcessImpl.create(Native Method)
	at java.base/java.lang.ProcessImpl.<init>(ProcessImpl.java:494)
	at java.base/java.lang.ProcessImpl.start(ProcessImpl.java:159)
	at java.base/java.lang.ProcessBuilder.start(ProcessBuilder.java:1110)
	... 11 more
2024.07.02 08:27:46 INFO  tracing is disabled for protocol LSP, to enable tracing of incoming and outgoing JSON messages create an empty file at f:\Scala\labsheets\labsheet_3\.metals\lsp.trace.json
Exception in thread "main" java.lang.RuntimeException: Couldn't find pwsh.exe or powershell.exe on path or in default system locations
	at dev.dirs.Util.windowsFallback(Util.java:284)
	at dev.dirs.Util.getWinDirs(Util.java:166)
	at dev.dirs.ProjectDirectories.fromPath(ProjectDirectories.java:255)
	at scala.meta.internal.bsp.BspServers$.globalInstallDirectories(BspServers.scala:206)
	at scala.meta.internal.metals.MetalsServerInputs$.productionConfiguration(MetalsServerInputs.scala:72)
	at scala.meta.metals.MetalsLanguageServer$.$lessinit$greater$default$3(MetalsLanguageServer.scala:48)
	at scala.meta.metals.Main$.main(Main.scala:45)
	at scala.meta.metals.Main.main(Main.scala)
Caused by: java.io.IOException: Cannot run program "C:\WINDOWS\System32\WindowsPowerShell\v1.0\powershell.exe": CreateProcess error=225, Operation did not complete successfully because the file contains a virus or potentially unwanted software
	at java.base/java.lang.ProcessBuilder.start(ProcessBuilder.java:1143)
	at java.base/java.lang.ProcessBuilder.start(ProcessBuilder.java:1073)
	at dev.dirs.Util.runCommands(Util.java:197)
	at dev.dirs.Util.runWinCommands(Util.java:233)
	at dev.dirs.Util.windowsFallback(Util.java:282)
	... 7 more
Caused by: java.io.IOException: CreateProcess error=225, Operation did not complete successfully because the file contains a virus or potentially unwanted software
	at java.base/java.lang.ProcessImpl.create(Native Method)
	at java.base/java.lang.ProcessImpl.<init>(ProcessImpl.java:494)
	at java.base/java.lang.ProcessImpl.start(ProcessImpl.java:159)
	at java.base/java.lang.ProcessBuilder.start(ProcessBuilder.java:1110)
	... 11 more
2024.07.02 08:27:49 INFO  tracing is disabled for protocol LSP, to enable tracing of incoming and outgoing JSON messages create an empty file at f:\Scala\labsheets\labsheet_3\.metals\lsp.trace.json
Exception in thread "main" java.lang.RuntimeException: Couldn't find pwsh.exe or powershell.exe on path or in default system locations
	at dev.dirs.Util.windowsFallback(Util.java:284)
	at dev.dirs.Util.getWinDirs(Util.java:166)
	at dev.dirs.ProjectDirectories.fromPath(ProjectDirectories.java:255)
	at scala.meta.internal.bsp.BspServers$.globalInstallDirectories(BspServers.scala:206)
	at scala.meta.internal.metals.MetalsServerInputs$.productionConfiguration(MetalsServerInputs.scala:72)
	at scala.meta.metals.MetalsLanguageServer$.$lessinit$greater$default$3(MetalsLanguageServer.scala:48)
	at scala.meta.metals.Main$.main(Main.scala:45)
	at scala.meta.metals.Main.main(Main.scala)
Caused by: java.io.IOException: Cannot run program "C:\WINDOWS\System32\WindowsPowerShell\v1.0\powershell.exe": CreateProcess error=225, Operation did not complete successfully because the file contains a virus or potentially unwanted software
	at java.base/java.lang.ProcessBuilder.start(ProcessBuilder.java:1143)
	at java.base/java.lang.ProcessBuilder.start(ProcessBuilder.java:1073)
	at dev.dirs.Util.runCommands(Util.java:197)
	at dev.dirs.Util.runWinCommands(Util.java:233)
	at dev.dirs.Util.windowsFallback(Util.java:282)
	... 7 more
Caused by: java.io.IOException: CreateProcess error=225, Operation did not complete successfully because the file contains a virus or potentially unwanted software
	at java.base/java.lang.ProcessImpl.create(Native Method)
	at java.base/java.lang.ProcessImpl.<init>(ProcessImpl.java:494)
	at java.base/java.lang.ProcessImpl.start(ProcessImpl.java:159)
	at java.base/java.lang.ProcessBuilder.start(ProcessBuilder.java:1110)
	... 11 more
2024.07.02 08:27:52 INFO  tracing is disabled for protocol LSP, to enable tracing of incoming and outgoing JSON messages create an empty file at f:\Scala\labsheets\labsheet_3\.metals\lsp.trace.json
Exception in thread "main" java.lang.RuntimeException: Couldn't find pwsh.exe or powershell.exe on path or in default system locations
	at dev.dirs.Util.windowsFallback(Util.java:284)
	at dev.dirs.Util.getWinDirs(Util.java:166)
	at dev.dirs.ProjectDirectories.fromPath(ProjectDirectories.java:255)
	at scala.meta.internal.bsp.BspServers$.globalInstallDirectories(BspServers.scala:206)
	at scala.meta.internal.metals.MetalsServerInputs$.productionConfiguration(MetalsServerInputs.scala:72)
	at scala.meta.metals.MetalsLanguageServer$.$lessinit$greater$default$3(MetalsLanguageServer.scala:48)
	at scala.meta.metals.Main$.main(Main.scala:45)
	at scala.meta.metals.Main.main(Main.scala)
Caused by: java.io.IOException: Cannot run program "C:\WINDOWS\System32\WindowsPowerShell\v1.0\powershell.exe": CreateProcess error=225, Operation did not complete successfully because the file contains a virus or potentially unwanted software
	at java.base/java.lang.ProcessBuilder.start(ProcessBuilder.java:1143)
	at java.base/java.lang.ProcessBuilder.start(ProcessBuilder.java:1073)
	at dev.dirs.Util.runCommands(Util.java:197)
	at dev.dirs.Util.runWinCommands(Util.java:233)
	at dev.dirs.Util.windowsFallback(Util.java:282)
	... 7 more
Caused by: java.io.IOException: CreateProcess error=225, Operation did not complete successfully because the file contains a virus or potentially unwanted software
	at java.base/java.lang.ProcessImpl.create(Native Method)
	at java.base/java.lang.ProcessImpl.<init>(ProcessImpl.java:494)
	at java.base/java.lang.ProcessImpl.start(ProcessImpl.java:159)
	at java.base/java.lang.ProcessBuilder.start(ProcessBuilder.java:1110)
	... 11 more
