SLF4J(W): Class path contains multiple SLF4J providers.
SLF4J(W): Found provider [scribe.slf4j.ScribeServiceProvider@1db7c9bd]
SLF4J(W): Found provider [ch.qos.logback.classic.spi.LogbackServiceProvider@58fff0d]
SLF4J(W): See https://www.slf4j.org/codes.html#multiple_bindings for an explanation.
SLF4J(I): Actual provider is of type [scribe.slf4j.ScribeServiceProvider@1db7c9bd]
2024.06.16 11:00:27 WARN  Flyway upgrade recommended: H2 2.2.224 is newer than this version of Flyway and support has not been tested. The latest supported version of H2 is 2.2.220.
2024.06.16 11:00:28 INFO  no build target found for F:\Scala\labsheet01\labsheet_1.scala. Using presentation compiler with project's scala-library version: 3.3.3
2024.06.16 11:00:30 WARN  Could not find semantic tokens for: file:///F:/Scala/labsheet01/labsheet_1.scala
2024.06.16 11:00:32 INFO  Running List(C:\Users\ashan\AppData\Local\Coursier\data\bin\scala-cli.BAT, setup-ide, F:\Scala)
2024.06.16 11:00:32 INFO  Attempting to connect to the build server...
2024.06.16 11:00:32 INFO  Running BSP server List(C:\Users\ashan\AppData\Local\Coursier\data\bin\.scala-cli.aux.exe, bsp, --json-options, F:\Scala\.scala-build\ide-options-v2.json, --json-launcher-options, F:\Scala\.scala-build\ide-launcher-options.json, --envs-file, F:\Scala\.scala-build\ide-envs.json, F:\Scala)
2024.06.16 11:00:32 INFO  tracing is disabled for protocol BSP, to enable tracing of incoming and outgoing JSON messages create an empty file at F:\Scala\.metals\bsp.trace.json or C:\Users\ashan\AppData\Local\scalameta\metals\cache\bsp.trace.json
2024.06.16 11:00:34 INFO  time: Connected to build server in 2.14s
2024.06.16 11:00:34 INFO  Connected to Build server: scala-cli v1.3.2
2024.06.16 11:00:34 INFO  compiling scala_f4dd477a3a (1 scala source)
2024.06.16 11:00:34 INFO  time: compiled Scala_f4dd477a3a in 0.1s
2024.06.16 11:00:38 INFO  time: indexed workspace in 4.19s
2024.06.16 11:00:42 WARN  Could not find semantic tokens for: file:///F:/Scala/labsheet01/labsheet_1.scala
2024.06.16 11:00:44 WARN  Could not find semantic tokens for: file:///F:/Scala/labsheet01/labsheet_1.scala
2024.06.16 11:02:37 INFO  compiling scala_f4dd477a3a (1 scala source)
2024.06.16 11:02:37 INFO  time: compiled Scala_f4dd477a3a in 0.39s
2024.06.16 11:02:45 INFO  compiling scala_f4dd477a3a (1 scala source)
2024.06.16 11:02:45 INFO  time: compiled Scala_f4dd477a3a in 0.18s
2024.06.16 11:02:48 INFO  compiling scala_f4dd477a3a (1 scala source)
2024.06.16 11:02:48 INFO  time: compiled Scala_f4dd477a3a in 0.25s
2024.06.16 11:02:49 INFO  compiling scala_f4dd477a3a (1 scala source)
2024.06.16 11:02:49 INFO  time: compiled Scala_f4dd477a3a in 0.15s
2024.06.16 11:02:52 INFO  compiling scala_f4dd477a3a (1 scala source)
2024.06.16 11:02:52 INFO  time: compiled Scala_f4dd477a3a in 0.19s
2024.06.16 11:02:56 INFO  compiling scala_f4dd477a3a (1 scala source)
2024.06.16 11:02:56 INFO  time: compiled Scala_f4dd477a3a in 0.14s
2024.06.16 11:02:58 INFO  compiling scala_f4dd477a3a (1 scala source)
2024.06.16 11:02:58 INFO  time: compiled Scala_f4dd477a3a in 0.12s
2024.06.16 11:03:23 INFO  compiling scala_f4dd477a3a (1 scala source)
2024.06.16 11:03:23 INFO  time: compiled Scala_f4dd477a3a in 0.14s
2024.06.16 11:03:24 INFO  compiling scala_f4dd477a3a (1 scala source)
2024.06.16 11:03:24 INFO  time: compiled Scala_f4dd477a3a in 0.19s
2024.06.16 11:03:31 INFO  compiling scala_f4dd477a3a (1 scala source)
2024.06.16 11:03:31 INFO  time: compiled Scala_f4dd477a3a in 0.13s
2024.06.16 11:03:33 INFO  compiling scala_f4dd477a3a (1 scala source)
2024.06.16 11:03:33 INFO  time: compiled Scala_f4dd477a3a in 0.12s
2024.06.16 11:03:36 INFO  compiling scala_f4dd477a3a (1 scala source)
2024.06.16 11:03:36 INFO  time: compiled Scala_f4dd477a3a in 0.13s
2024.06.16 11:03:38 INFO  compiling scala_f4dd477a3a (1 scala source)
2024.06.16 11:03:38 INFO  time: compiled Scala_f4dd477a3a in 0.1s
2024.06.16 11:03:41 INFO  compiling scala_f4dd477a3a (1 scala source)
2024.06.16 11:03:41 INFO  time: compiled Scala_f4dd477a3a in 0.13s
2024.06.16 11:03:54 INFO  compiling scala_f4dd477a3a (1 scala source)
2024.06.16 11:03:54 INFO  time: compiled Scala_f4dd477a3a in 0.13s
2024.06.16 11:03:58 INFO  compiling scala_f4dd477a3a (1 scala source)
2024.06.16 11:03:58 INFO  time: compiled Scala_f4dd477a3a in 0.12s
2024.06.16 11:04:02 INFO  compiling scala_f4dd477a3a (1 scala source)
2024.06.16 11:04:02 INFO  time: compiled Scala_f4dd477a3a in 0.13s
2024.06.16 11:04:05 INFO  compiling scala_f4dd477a3a (1 scala source)
2024.06.16 11:04:05 INFO  time: compiled Scala_f4dd477a3a in 0.12s
2024.06.16 11:05:14 INFO  compiling scala_f4dd477a3a (1 scala source)
2024.06.16 11:05:14 INFO  time: compiled Scala_f4dd477a3a in 0.16s
Jun 16, 2024 11:05:23 AM org.eclipse.lsp4j.jsonrpc.services.GenericEndpoint notify
INFO: Unsupported notification method: $/setTrace
2024.06.16 11:16:53 INFO  Shutting down server
2024.06.16 11:16:53 INFO  shutting down Metals
2024.06.16 11:16:53 INFO  Shut down connection with build server.
2024.06.16 11:16:53 INFO  Exiting server
2024.06.16 11:23:14 INFO  Started: Metals version 1.3.1 in folders 'F:\Scala' for client Visual Studio Code 1.90.1.
SLF4J(W): Class path contains multiple SLF4J providers.
SLF4J(W): Found provider [scribe.slf4j.ScribeServiceProvider@72d98a9]
SLF4J(W): Found provider [ch.qos.logback.classic.spi.LogbackServiceProvider@f1ecf5b]
SLF4J(W): See https://www.slf4j.org/codes.html#multiple_bindings for an explanation.
SLF4J(I): Actual provider is of type [scribe.slf4j.ScribeServiceProvider@72d98a9]
2024.06.16 11:23:14 WARN  Flyway upgrade recommended: H2 2.2.224 is newer than this version of Flyway and support has not been tested. The latest supported version of H2 is 2.2.220.
2024.06.16 11:23:15 INFO  Attempting to connect to the build server...
2024.06.16 11:23:15 INFO  Running BSP server List(C:\Users\ashan\AppData\Local\Coursier\data\bin\.scala-cli.aux.exe, bsp, --json-options, F:\Scala\.scala-build\ide-options-v2.json, --json-launcher-options, F:\Scala\.scala-build\ide-launcher-options.json, --envs-file, F:\Scala\.scala-build\ide-envs.json, F:\Scala)
2024.06.16 11:23:15 INFO  tracing is disabled for protocol BSP, to enable tracing of incoming and outgoing JSON messages create an empty file at F:\Scala\.metals\bsp.trace.json or C:\Users\ashan\AppData\Local\scalameta\metals\cache\bsp.trace.json
2024.06.16 11:23:20 INFO  time: Connected to build server in 4.88s
2024.06.16 11:23:20 INFO  Connected to Build server: scala-cli v1.3.2
2024.06.16 11:23:25 INFO  time: indexed workspace in 4.55s
2024.06.16 11:53:49 INFO  Shutting down server
2024.06.16 11:53:49 INFO  shutting down Metals
2024.06.16 11:53:50 INFO  Shut down connection with build server.
2024.06.16 11:53:49 INFO  Exiting server
2024.06.18 08:39:02 INFO  Started: Metals version 1.3.1 in folders 'F:\Scala' for client Visual Studio Code 1.90.1.
SLF4J(W): Class path contains multiple SLF4J providers.
SLF4J(W): Found provider [scribe.slf4j.ScribeServiceProvider@555ad8eb]
SLF4J(W): Found provider [ch.qos.logback.classic.spi.LogbackServiceProvider@38c053fe]
SLF4J(W): See https://www.slf4j.org/codes.html#multiple_bindings for an explanation.
SLF4J(I): Actual provider is of type [scribe.slf4j.ScribeServiceProvider@555ad8eb]
2024.06.18 08:39:03 WARN  Flyway upgrade recommended: H2 2.2.224 is newer than this version of Flyway and support has not been tested. The latest supported version of H2 is 2.2.220.
2024.06.18 08:39:04 INFO  no build target found for F:\Scala\labsheet01\labsheet_1.scala. Using presentation compiler with project's scala-library version: 3.3.3
2024.06.18 08:39:04 INFO  Attempting to connect to the build server...
2024.06.18 08:39:04 INFO  Running BSP server List(C:\Users\ashan\AppData\Local\Coursier\data\bin\.scala-cli.aux.exe, bsp, --json-options, F:\Scala\.scala-build\ide-options-v2.json, --json-launcher-options, F:\Scala\.scala-build\ide-launcher-options.json, --envs-file, F:\Scala\.scala-build\ide-envs.json, F:\Scala)
2024.06.18 08:39:04 INFO  tracing is disabled for protocol BSP, to enable tracing of incoming and outgoing JSON messages create an empty file at F:\Scala\.metals\bsp.trace.json or C:\Users\ashan\AppData\Local\scalameta\metals\cache\bsp.trace.json
2024.06.18 08:39:09 INFO  time: Connected to build server in 5.3s
2024.06.18 08:39:09 INFO  Connected to Build server: scala-cli v1.3.2
2024.06.18 08:39:10 INFO  time: Imported build in 0.14s
2024.06.18 08:39:10 INFO  compiling scala_f4dd477a3a (1 scala source)
2024.06.18 08:39:22 INFO  time: indexed workspace in 11s
Jun 18, 2024 8:39:34 AM org.eclipse.lsp4j.jsonrpc.services.GenericEndpoint notify
INFO: Unsupported notification method: $/setTrace
2024.06.18 08:40:14 INFO  Shutting down server
2024.06.18 08:40:14 INFO  shutting down Metals
2024.06.18 08:40:14 INFO  Shut down connection with build server.
2024.06.18 08:40:14 INFO  Exiting server
2024.06.18 08:51:15 INFO  Started: Metals version 1.3.1 in folders 'F:\Scala' for client Visual Studio Code 1.90.1.
SLF4J(W): Class path contains multiple SLF4J providers.
SLF4J(W): Found provider [scribe.slf4j.ScribeServiceProvider@555ad8eb]
SLF4J(W): Found provider [ch.qos.logback.classic.spi.LogbackServiceProvider@38c053fe]
SLF4J(W): See https://www.slf4j.org/codes.html#multiple_bindings for an explanation.
SLF4J(I): Actual provider is of type [scribe.slf4j.ScribeServiceProvider@555ad8eb]
2024.06.18 08:51:16 WARN  Flyway upgrade recommended: H2 2.2.224 is newer than this version of Flyway and support has not been tested. The latest supported version of H2 is 2.2.220.
2024.06.18 08:51:17 INFO  no build target found for F:\Scala\labsheet01\labsheet_1.scala. Using presentation compiler with project's scala-library version: 3.3.3
2024.06.18 08:51:17 INFO  Attempting to connect to the build server...
2024.06.18 08:51:17 INFO  Running BSP server List(C:\Users\ashan\AppData\Local\Coursier\data\bin\.scala-cli.aux.exe, bsp, --json-options, F:\Scala\.scala-build\ide-options-v2.json, --json-launcher-options, F:\Scala\.scala-build\ide-launcher-options.json, --envs-file, F:\Scala\.scala-build\ide-envs.json, F:\Scala)
2024.06.18 08:51:17 INFO  tracing is disabled for protocol BSP, to enable tracing of incoming and outgoing JSON messages create an empty file at F:\Scala\.metals\bsp.trace.json or C:\Users\ashan\AppData\Local\scalameta\metals\cache\bsp.trace.json
2024.06.18 08:51:21 INFO  time: Connected to build server in 4.29s
2024.06.18 08:51:21 INFO  Connected to Build server: scala-cli v1.3.2
2024.06.18 08:51:26 INFO  time: indexed workspace in 4.67s
2024.06.18 08:51:55 INFO  compiling scala_f4dd477a3a (1 scala source)
2024.06.18 08:51:55 INFO  time: compiled Scala_f4dd477a3a in 0.3s
2024.06.18 08:51:57 INFO  compiling scala_f4dd477a3a (1 scala source)
2024.06.18 08:51:57 INFO  time: compiled Scala_f4dd477a3a in 0.48s
2024.06.18 08:52:02 INFO  compiling scala_f4dd477a3a (1 scala source)
2024.06.18 08:52:02 INFO  time: compiled Scala_f4dd477a3a in 0.37s
2024.06.18 08:52:06 INFO  compiling scala_f4dd477a3a (1 scala source)
2024.06.18 08:52:06 INFO  time: compiled Scala_f4dd477a3a in 0.87s
2024.06.18 08:52:07 WARN  Could not load snapshot text for F:\Scala\labsheet01\labsheet_1.scala
2024.06.18 08:52:08 WARN  Could not load snapshot text for F:\Scala\labsheet01\labsheet_1.scala
2024.06.18 08:52:09 INFO  compiling scala_f4dd477a3a (1 scala source)
2024.06.18 08:52:09 WARN  Could not load snapshot text for F:\Scala\labsheet01\labsheet_1.scala
2024.06.18 08:52:09 INFO  time: compiled Scala_f4dd477a3a in 0.89s
2024.06.18 08:52:10 INFO  compiling scala_f4dd477a3a (1 scala source)
2024.06.18 08:52:10 INFO  time: compiled Scala_f4dd477a3a in 0.21s
2024.06.18 08:52:14 INFO  compiling scala_f4dd477a3a (1 scala source)
2024.06.18 08:52:14 INFO  time: compiled Scala_f4dd477a3a in 0.39s
2024.06.18 08:52:21 INFO  compiling scala_f4dd477a3a (1 scala source)
2024.06.18 08:52:21 INFO  time: compiled Scala_f4dd477a3a in 0.4s
Jun 18, 2024 8:52:31 AM org.eclipse.lsp4j.jsonrpc.services.GenericEndpoint notify
INFO: Unsupported notification method: $/setTrace
2024.06.18 10:33:27 INFO  Shutting down server
2024.06.18 10:33:27 INFO  shutting down Metals
2024.06.18 10:33:27 INFO  Shut down connection with build server.
2024.06.18 10:33:27 INFO  Exiting server
2024.06.23 11:30:21 INFO  Started: Metals version 1.3.2 in folders 'F:\Scala\labsheet01' for client Visual Studio Code 1.90.1.
SLF4J(W): Class path contains multiple SLF4J providers.
SLF4J(W): Found provider [scribe.slf4j.ScribeServiceProvider@66301a6d]
SLF4J(W): Found provider [ch.qos.logback.classic.spi.LogbackServiceProvider@47aa913b]
SLF4J(W): See https://www.slf4j.org/codes.html#multiple_bindings for an explanation.
SLF4J(I): Actual provider is of type [scribe.slf4j.ScribeServiceProvider@66301a6d]
2024.06.23 11:30:22 WARN  Flyway upgrade recommended: H2 2.2.224 is newer than this version of Flyway and support has not been tested. The latest supported version of H2 is 2.2.220.
2024.06.23 11:30:22 INFO  no build target found for F:\Scala\labsheet01\labsheet_2.scala. Using presentation compiler with project's scala-library version: 3.3.3
2024.06.23 11:30:22 INFO  Attempting to connect to the build server...
2024.06.23 11:30:22 INFO  Running BSP server List(C:\Users\ashan\AppData\Local\Coursier\data\bin\.scala-cli.aux.exe, bsp, --json-options, F:\Scala\.scala-build\ide-options-v2.json, --json-launcher-options, F:\Scala\.scala-build\ide-launcher-options.json, --envs-file, F:\Scala\.scala-build\ide-envs.json, F:\Scala)
2024.06.23 11:30:22 INFO  tracing is disabled for protocol BSP, to enable tracing of incoming and outgoing JSON messages create an empty file at F:\Scala\labsheet01\.metals\bsp.trace.json or C:\Users\ashan\AppData\Local\scalameta\metals\cache\bsp.trace.json
2024.06.23 11:30:26 INFO  time: Connected to build server in 3.83s
2024.06.23 11:30:26 INFO  Connected to Build server: scala-cli v1.3.2
2024.06.23 11:30:27 INFO  compiling scala_f4dd477a3a (2 scala sources)
2024.06.23 11:30:27 INFO  time: Imported build in 1.02s
2024.06.23 11:31:00 INFO  time: indexed workspace in 5.48s
2024.06.23 12:28:41 WARN  Could not find semantic tokens for: file:///F:/Scala/labsheet01/labsheet_2.scala
2024.06.23 12:28:44 INFO  compiling scala_f4dd477a3a (1 scala source)
2024.06.23 12:28:44 INFO  time: compiled Scala_f4dd477a3a in 0.2s
2024.06.23 12:29:01 INFO  compiling scala_f4dd477a3a (1 scala source)
2024.06.23 12:29:01 INFO  time: compiled Scala_f4dd477a3a in 0.12s
2024.06.23 12:29:04 INFO  compiling scala_f4dd477a3a (1 scala source)
2024.06.23 12:29:04 INFO  time: compiled Scala_f4dd477a3a in 99ms
2024.06.23 12:29:05 INFO  compiling scala_f4dd477a3a (1 scala source)
2024.06.23 12:29:05 INFO  time: compiled Scala_f4dd477a3a in 82ms
2024.06.23 12:29:08 INFO  compiling scala_f4dd477a3a (1 scala source)
2024.06.23 12:29:08 INFO  time: compiled Scala_f4dd477a3a in 92ms
2024.06.23 12:29:09 INFO  compiling scala_f4dd477a3a (1 scala source)
2024.06.23 12:29:09 INFO  time: compiled Scala_f4dd477a3a in 91ms
2024.06.23 12:29:11 INFO  compiling scala_f4dd477a3a (1 scala source)
2024.06.23 12:29:11 INFO  time: compiled Scala_f4dd477a3a in 85ms
2024.06.23 12:29:13 INFO  compiling scala_f4dd477a3a (1 scala source)
2024.06.23 12:29:13 INFO  time: compiled Scala_f4dd477a3a in 99ms
2024.06.23 12:29:15 INFO  compiling scala_f4dd477a3a (1 scala source)
2024.06.23 12:29:15 INFO  time: compiled Scala_f4dd477a3a in 70ms
2024.06.23 12:29:17 INFO  compiling scala_f4dd477a3a (1 scala source)
2024.06.23 12:29:17 INFO  time: compiled Scala_f4dd477a3a in 93ms
2024.06.23 12:29:19 INFO  compiling scala_f4dd477a3a (1 scala source)
2024.06.23 12:29:19 INFO  time: compiled Scala_f4dd477a3a in 78ms
2024.06.23 12:29:21 INFO  compiling scala_f4dd477a3a (1 scala source)
2024.06.23 12:29:21 INFO  time: compiled Scala_f4dd477a3a in 85ms
2024.06.23 12:29:23 INFO  compiling scala_f4dd477a3a (1 scala source)
2024.06.23 12:29:23 INFO  time: compiled Scala_f4dd477a3a in 0.38s
2024.06.23 12:29:38 INFO  compiling scala_f4dd477a3a (1 scala source)
2024.06.23 12:29:38 INFO  time: compiled Scala_f4dd477a3a in 0.19s
2024.06.23 12:29:40 INFO  compiling scala_f4dd477a3a (1 scala source)
2024.06.23 12:29:40 INFO  time: compiled Scala_f4dd477a3a in 0.17s
2024.06.23 12:29:42 INFO  compiling scala_f4dd477a3a (1 scala source)
2024.06.23 12:29:42 INFO  time: compiled Scala_f4dd477a3a in 0.7s
2024.06.23 12:38:58 INFO  compiling scala_f4dd477a3a (1 scala source)
2024.06.23 12:38:58 INFO  time: compiled Scala_f4dd477a3a in 0.28s
2024.06.23 12:43:23 INFO  compiling scala_f4dd477a3a (1 scala source)
2024.06.23 12:43:23 INFO  time: compiled Scala_f4dd477a3a in 0.27s
2024.06.23 12:45:36 INFO  compiling scala_f4dd477a3a (1 scala source)
2024.06.23 12:45:36 INFO  time: compiled Scala_f4dd477a3a in 0.22s
2024.06.23 12:45:38 INFO  compiling scala_f4dd477a3a (1 scala source)
2024.06.23 12:45:38 INFO  time: compiled Scala_f4dd477a3a in 0.19s
2024.06.23 12:45:46 INFO  compiling scala_f4dd477a3a (1 scala source)
2024.06.23 12:45:46 INFO  time: compiled Scala_f4dd477a3a in 0.17s
2024.06.23 12:46:00 INFO  compiling scala_f4dd477a3a (1 scala source)
2024.06.23 12:46:00 INFO  time: compiled Scala_f4dd477a3a in 0.2s
Jun 23, 2024 12:46:24 PM org.eclipse.lsp4j.jsonrpc.RemoteEndpoint handleCancellation
WARNING: Unmatched cancel notification for request id 342
2024.06.23 12:46:25 INFO  compiling scala_f4dd477a3a (1 scala source)
2024.06.23 12:46:25 INFO  time: compiled Scala_f4dd477a3a in 0.21s
Jun 23, 2024 12:46:29 PM org.eclipse.lsp4j.jsonrpc.RemoteEndpoint handleCancellation
WARNING: Unmatched cancel notification for request id 377
2024.06.23 12:46:30 INFO  compiling scala_f4dd477a3a (1 scala source)
2024.06.23 12:46:30 INFO  time: compiled Scala_f4dd477a3a in 0.2s
2024.06.23 12:46:40 INFO  compiling scala_f4dd477a3a (1 scala source)
2024.06.23 12:46:40 INFO  time: compiled Scala_f4dd477a3a in 0.16s
2024.06.23 12:46:58 INFO  compiling scala_f4dd477a3a (1 scala source)
2024.06.23 12:46:58 INFO  time: compiled Scala_f4dd477a3a in 0.19s
2024.06.23 12:47:02 INFO  compiling scala_f4dd477a3a (1 scala source)
2024.06.23 12:47:02 INFO  time: compiled Scala_f4dd477a3a in 0.19s
Jun 23, 2024 12:47:04 PM org.eclipse.lsp4j.jsonrpc.RemoteEndpoint handleCancellation
WARNING: Unmatched cancel notification for request id 506
Jun 23, 2024 12:47:07 PM org.eclipse.lsp4j.jsonrpc.RemoteEndpoint handleCancellation
WARNING: Unmatched cancel notification for request id 529
2024.06.23 12:47:14 INFO  compiling scala_f4dd477a3a (1 scala source)
2024.06.23 12:47:14 INFO  time: compiled Scala_f4dd477a3a in 0.23s
2024.06.23 12:47:17 INFO  compiling scala_f4dd477a3a (1 scala source)
2024.06.23 12:47:17 INFO  time: compiled Scala_f4dd477a3a in 0.13s
2024.06.23 13:24:37 WARN  Could not find semantic tokens for: file:///F:/Scala/labsheet01/labsheet_2.scala
2024.06.23 13:24:39 INFO  compiling scala_f4dd477a3a (1 scala source)
2024.06.23 13:24:39 INFO  time: compiled Scala_f4dd477a3a in 0.11s
2024.06.23 13:24:39 WARN  Could not find semantic tokens for: file:///F:/Scala/labsheet01/labsheet_2.scala
2024.06.23 13:24:55 INFO  Cancelling compilation on scala-cli server
2024.06.23 13:24:55 WARN  Could not find semantic tokens for: file:///f:/Scala/labsheet01/labsheet_2.scala
2024.06.23 13:24:55 INFO  time: Imported build in 0.21s
2024.06.23 13:24:57 INFO  time: indexed workspace in 1.54s
2024.06.23 13:25:33 INFO  no build target found for F:\Scala\labsheet01\labsheet_2\Q1.scala. Using presentation compiler with project's scala-library version: 3.3.3
2024.06.23 13:25:33 INFO  no build target found for F:\Scala\labsheet01\labsheet_2\Q1.scala. Using presentation compiler with project's scala-library version: 3.3.3
2024.06.23 13:25:33 INFO  compiling scala_f4dd477a3a (1 scala source)
2024.06.23 13:25:33 INFO  time: compiled Scala_f4dd477a3a in 98ms
2024.06.23 13:25:34 WARN  Could not find semantic tokens for: file:///F:/Scala/labsheet01/labsheet_2/Q1.scala
2024.06.23 13:25:34 INFO  time: code lens generation in 1.2s
2024.06.23 13:25:35 INFO  time: indexed workspace in 2.46s
2024.06.23 13:25:36 INFO  compiling scala_f4dd477a3a (1 scala source)
2024.06.23 13:25:36 INFO  time: compiled Scala_f4dd477a3a in 0.47s
2024.06.23 13:25:44 INFO  compiling scala_f4dd477a3a (1 scala source)
2024.06.23 13:25:44 INFO  time: compiled Scala_f4dd477a3a in 0.41s
2024.06.23 13:26:07 INFO  compiling scala_f4dd477a3a (1 scala source)
2024.06.23 13:26:07 INFO  time: compiled Scala_f4dd477a3a in 0.24s
Jun 23, 2024 1:26:24 PM org.eclipse.lsp4j.jsonrpc.RemoteEndpoint handleCancellation
WARNING: Unmatched cancel notification for request id 665
2024.06.23 13:27:02 INFO  no build target found for F:\Scala\labsheet01\labsheet_2\Q2.scala. Using presentation compiler with project's scala-library version: 3.3.3
2024.06.23 13:27:02 INFO  no build target found for F:\Scala\labsheet01\labsheet_2\Q2.scala. Using presentation compiler with project's scala-library version: 3.3.3
2024.06.23 13:27:02 WARN  Could not find semantic tokens for: file:///F:/Scala/labsheet01/labsheet_2/Q2.scala
2024.06.23 13:27:02 INFO  compiling scala_f4dd477a3a (1 scala source)
2024.06.23 13:27:02 INFO  time: compiled Scala_f4dd477a3a in 0.11s
2024.06.23 13:27:03 INFO  time: indexed workspace in 1.13s
2024.06.23 13:27:04 WARN  Could not find semantic tokens for: file:///F:/Scala/labsheet01/labsheet_2/Q2.scala
2024.06.23 13:27:49 INFO  compiling scala_f4dd477a3a (1 scala source)
2024.06.23 13:27:49 INFO  time: compiled Scala_f4dd477a3a in 0.46s
2024.06.23 13:27:55 INFO  compiling scala_f4dd477a3a (1 scala source)
2024.06.23 13:27:55 INFO  time: compiled Scala_f4dd477a3a in 0.27s
2024.06.23 13:27:59 INFO  compiling scala_f4dd477a3a (1 scala source)
2024.06.23 13:27:59 INFO  time: compiled Scala_f4dd477a3a in 0.26s
2024.06.23 13:28:19 ERROR Failed to tokenize input for semantic tokens for F:\Scala\labsheet01\labsheet_2\Q2.scala
scala.meta.tokenizers.TokenizeException: <input>:18: error: unclosed string interpolation
        println(s" --b * a + c * d-- = $")
                  ^
	at scala.meta.internal.tokenizers.Reporter.syntaxError(Reporter.scala:23)
	at scala.meta.internal.tokenizers.Reporter.syntaxError$(Reporter.scala:23)
	at scala.meta.internal.tokenizers.Reporter$$anon$1.syntaxError(Reporter.scala:32)
	at scala.meta.internal.tokenizers.Reporter.syntaxError(Reporter.scala:25)
	at scala.meta.internal.tokenizers.Reporter.syntaxError$(Reporter.scala:25)
	at scala.meta.internal.tokenizers.Reporter$$anon$1.syntaxError(Reporter.scala:32)
	at scala.meta.internal.tokenizers.LegacyScanner.getStringPart(LegacyScanner.scala:605)
	at scala.meta.internal.tokenizers.LegacyScanner.fetchDoubleQuote$1(LegacyScanner.scala:347)
	at scala.meta.internal.tokenizers.LegacyScanner.fetchToken(LegacyScanner.scala:363)
	at scala.meta.internal.tokenizers.LegacyScanner.nextToken(LegacyScanner.scala:201)
	at scala.meta.internal.tokenizers.LegacyScanner.foreach(LegacyScanner.scala:912)
	at scala.meta.internal.tokenizers.ScalametaTokenizer.uncachedTokenize(ScalametaTokenizer.scala:23)
	at scala.meta.internal.tokenizers.ScalametaTokenizer.$anonfun$tokenize$1(ScalametaTokenizer.scala:17)
	at scala.collection.concurrent.TrieMap.getOrElseUpdate(TrieMap.scala:960)
	at scala.meta.internal.tokenizers.ScalametaTokenizer.tokenize(ScalametaTokenizer.scala:17)
	at scala.meta.internal.tokenizers.ScalametaTokenizer$$anon$2.apply(ScalametaTokenizer.scala:322)
	at scala.meta.tokenizers.Api$XtensionTokenizeDialectInput.tokenize(Api.scala:22)
	at scala.meta.tokenizers.Api$XtensionTokenizeInputLike.tokenize(Api.scala:13)
	at scala.meta.internal.metals.SemanticTokensProvider$.getTokens(SemanticTokensProvider.scala:28)
	at scala.meta.internal.metals.SemanticTokensProvider$.provide(SemanticTokensProvider.scala:89)
	at scala.meta.internal.metals.Compilers.$anonfun$semanticTokens$3(Compilers.scala:545)
	at scala.concurrent.impl.Promise$Transformation.run(Promise.scala:467)
	at java.util.concurrent.ThreadPoolExecutor.runWorker(ThreadPoolExecutor.java:1136)
	at java.util.concurrent.ThreadPoolExecutor$Worker.run(ThreadPoolExecutor.java:635)
	at java.lang.Thread.run(Thread.java:833)

2024.06.23 13:28:20 INFO  compiling scala_f4dd477a3a (1 scala source)
2024.06.23 13:28:20 INFO  time: compiled Scala_f4dd477a3a in 0.14s
2024.06.23 13:28:21 ERROR Failed to tokenize input for semantic tokens for F:\Scala\labsheet01\labsheet_2\Q2.scala
scala.meta.tokenizers.TokenizeException: <input>:18: error: unclosed string interpolation
        println(s" --b * a + c * d-- = $")
                  ^
	at scala.meta.internal.tokenizers.Reporter.syntaxError(Reporter.scala:23)
	at scala.meta.internal.tokenizers.Reporter.syntaxError$(Reporter.scala:23)
	at scala.meta.internal.tokenizers.Reporter$$anon$1.syntaxError(Reporter.scala:32)
	at scala.meta.internal.tokenizers.Reporter.syntaxError(Reporter.scala:25)
	at scala.meta.internal.tokenizers.Reporter.syntaxError$(Reporter.scala:25)
	at scala.meta.internal.tokenizers.Reporter$$anon$1.syntaxError(Reporter.scala:32)
	at scala.meta.internal.tokenizers.LegacyScanner.getStringPart(LegacyScanner.scala:605)
	at scala.meta.internal.tokenizers.LegacyScanner.fetchDoubleQuote$1(LegacyScanner.scala:347)
	at scala.meta.internal.tokenizers.LegacyScanner.fetchToken(LegacyScanner.scala:363)
	at scala.meta.internal.tokenizers.LegacyScanner.nextToken(LegacyScanner.scala:201)
	at scala.meta.internal.tokenizers.LegacyScanner.foreach(LegacyScanner.scala:912)
	at scala.meta.internal.tokenizers.ScalametaTokenizer.uncachedTokenize(ScalametaTokenizer.scala:23)
	at scala.meta.internal.tokenizers.ScalametaTokenizer.$anonfun$tokenize$1(ScalametaTokenizer.scala:17)
	at scala.collection.concurrent.TrieMap.getOrElseUpdate(TrieMap.scala:960)
	at scala.meta.internal.tokenizers.ScalametaTokenizer.tokenize(ScalametaTokenizer.scala:17)
	at scala.meta.internal.tokenizers.ScalametaTokenizer$$anon$2.apply(ScalametaTokenizer.scala:322)
	at scala.meta.tokenizers.Api$XtensionTokenizeDialectInput.tokenize(Api.scala:22)
	at scala.meta.tokenizers.Api$XtensionTokenizeInputLike.tokenize(Api.scala:13)
	at scala.meta.internal.metals.SemanticTokensProvider$.getTokens(SemanticTokensProvider.scala:28)
	at scala.meta.internal.metals.SemanticTokensProvider$.provide(SemanticTokensProvider.scala:89)
	at scala.meta.internal.metals.Compilers.$anonfun$semanticTokens$3(Compilers.scala:545)
	at scala.concurrent.impl.Promise$Transformation.run(Promise.scala:467)
	at java.util.concurrent.ThreadPoolExecutor.runWorker(ThreadPoolExecutor.java:1136)
	at java.util.concurrent.ThreadPoolExecutor$Worker.run(ThreadPoolExecutor.java:635)
	at java.lang.Thread.run(Thread.java:833)

2024.06.23 13:28:22 INFO  compiling scala_f4dd477a3a (1 scala source)
2024.06.23 13:28:22 INFO  time: compiled Scala_f4dd477a3a in 0.22s
2024.06.23 13:28:30 INFO  compiling scala_f4dd477a3a (1 scala source)
2024.06.23 13:28:30 INFO  time: compiled Scala_f4dd477a3a in 0.26s
2024.06.23 13:28:36 INFO  compiling scala_f4dd477a3a (1 scala source)
2024.06.23 13:28:36 INFO  time: compiled Scala_f4dd477a3a in 0.22s
2024.06.23 13:30:16 INFO  compiling scala_f4dd477a3a (1 scala source)
2024.06.23 13:30:16 INFO  time: compiled Scala_f4dd477a3a in 0.33s
2024.06.23 13:30:17 INFO  compiling scala_f4dd477a3a (1 scala source)
2024.06.23 13:30:17 INFO  time: compiled Scala_f4dd477a3a in 0.19s
2024.06.23 13:30:36 INFO  compiling scala_f4dd477a3a (1 scala source)
2024.06.23 13:30:36 INFO  time: compiled Scala_f4dd477a3a in 0.23s
2024.06.23 13:30:57 INFO  no build target found for F:\Scala\labsheet01\labsheet_2\Q3.scala. Using presentation compiler with project's scala-library version: 3.3.3
2024.06.23 13:30:57 INFO  no build target found for F:\Scala\labsheet01\labsheet_2\Q3.scala. Using presentation compiler with project's scala-library version: 3.3.3
2024.06.23 13:30:57 WARN  Could not find semantic tokens for: file:///F:/Scala/labsheet01/labsheet_2/Q3.scala
2024.06.23 13:30:57 INFO  compiling scala_f4dd477a3a (1 scala source)
2024.06.23 13:30:57 INFO  time: compiled Scala_f4dd477a3a in 82ms
2024.06.23 13:30:58 INFO  time: indexed workspace in 1.02s
2024.06.23 13:30:59 WARN  Could not find semantic tokens for: file:///F:/Scala/labsheet01/labsheet_2/Q3.scala
Jun 23, 2024 1:31:22 PM org.eclipse.lsp4j.jsonrpc.RemoteEndpoint handleCancellation
WARNING: Unmatched cancel notification for request id 908
2024.06.23 13:31:45 WARN  Could not find semantic tokens for: file:///F:/Scala/labsheet01/labsheet_2/Q3.scala
2024.06.23 13:31:48 INFO  compiling scala_f4dd477a3a (1 scala source)
2024.06.23 13:31:48 INFO  time: compiled Scala_f4dd477a3a in 80ms
2024.06.23 13:31:49 INFO  compiling scala_f4dd477a3a (1 scala source)
2024.06.23 13:31:49 INFO  time: compiled Scala_f4dd477a3a in 54ms
2024.06.23 13:31:51 INFO  compiling scala_f4dd477a3a (1 scala source)
2024.06.23 13:31:51 INFO  time: compiled Scala_f4dd477a3a in 43ms
2024.06.23 13:31:55 INFO  compiling scala_f4dd477a3a (1 scala source)
2024.06.23 13:31:55 INFO  time: compiled Scala_f4dd477a3a in 62ms
2024.06.23 13:31:58 INFO  compiling scala_f4dd477a3a (1 scala source)
2024.06.23 13:31:58 INFO  time: compiled Scala_f4dd477a3a in 60ms
2024.06.23 13:32:02 INFO  compiling scala_f4dd477a3a (1 scala source)
2024.06.23 13:32:02 INFO  time: compiled Scala_f4dd477a3a in 65ms
2024.06.23 13:32:07 INFO  compiling scala_f4dd477a3a (1 scala source)
2024.06.23 13:32:07 INFO  time: compiled Scala_f4dd477a3a in 72ms
2024.06.23 13:32:08 INFO  compiling scala_f4dd477a3a (1 scala source)
2024.06.23 13:32:08 INFO  time: compiled Scala_f4dd477a3a in 0.15s
2024.06.23 13:34:00 INFO  compiling scala_f4dd477a3a (2 scala sources)
2024.06.23 13:34:00 INFO  time: compiled Scala_f4dd477a3a in 0.17s
2024.06.23 13:34:03 INFO  compiling scala_f4dd477a3a (2 scala sources)
2024.06.23 13:34:03 INFO  time: compiled Scala_f4dd477a3a in 0.16s
2024.06.23 13:34:04 INFO  compiling scala_f4dd477a3a (2 scala sources)
2024.06.23 13:34:04 INFO  time: compiled Scala_f4dd477a3a in 0.17s
2024.06.23 13:34:06 INFO  compiling scala_f4dd477a3a (2 scala sources)
2024.06.23 13:34:06 INFO  time: compiled Scala_f4dd477a3a in 0.14s
2024.06.23 13:34:09 INFO  compiling scala_f4dd477a3a (2 scala sources)
2024.06.23 13:34:09 INFO  time: compiled Scala_f4dd477a3a in 97ms
2024.06.23 13:34:11 INFO  compiling scala_f4dd477a3a (2 scala sources)
2024.06.23 13:34:11 INFO  time: compiled Scala_f4dd477a3a in 0.14s
Jun 23, 2024 1:34:18 PM org.eclipse.lsp4j.jsonrpc.RemoteEndpoint handleCancellation
WARNING: Unmatched cancel notification for request id 1122
2024.06.23 13:34:20 INFO  compiling scala_f4dd477a3a (2 scala sources)
2024.06.23 13:34:20 INFO  time: compiled Scala_f4dd477a3a in 0.11s
2024.06.23 13:37:09 INFO  compiling scala_f4dd477a3a (2 scala sources)
2024.06.23 13:37:09 INFO  time: compiled Scala_f4dd477a3a in 0.16s
2024.06.23 13:37:13 INFO  compiling scala_f4dd477a3a (2 scala sources)
2024.06.23 13:37:13 INFO  time: compiled Scala_f4dd477a3a in 0.11s
2024.06.23 13:37:25 INFO  compiling scala_f4dd477a3a (2 scala sources)
2024.06.23 13:37:25 INFO  time: compiled Scala_f4dd477a3a in 0.12s
2024.06.23 13:37:30 INFO  compiling scala_f4dd477a3a (2 scala sources)
2024.06.23 13:37:30 INFO  time: compiled Scala_f4dd477a3a in 98ms
2024.06.23 13:37:34 INFO  compiling scala_f4dd477a3a (2 scala sources)
2024.06.23 13:37:34 INFO  time: compiled Scala_f4dd477a3a in 0.15s
2024.06.23 13:37:55 INFO  compiling scala_f4dd477a3a (2 scala sources)
2024.06.23 13:37:55 INFO  time: compiled Scala_f4dd477a3a in 0.12s
2024.06.23 13:37:58 INFO  compiling scala_f4dd477a3a (2 scala sources)
2024.06.23 13:37:58 INFO  time: compiled Scala_f4dd477a3a in 0.19s
2024.06.23 13:39:07 INFO  compiling scala_f4dd477a3a (2 scala sources)
2024.06.23 13:39:07 INFO  time: compiled Scala_f4dd477a3a in 0.17s
2024.06.23 13:39:09 INFO  compiling scala_f4dd477a3a (2 scala sources)
2024.06.23 13:39:09 INFO  time: compiled Scala_f4dd477a3a in 0.17s
2024.06.23 13:39:54 INFO  compiling scala_f4dd477a3a (2 scala sources)
2024.06.23 13:39:54 INFO  time: compiled Scala_f4dd477a3a in 0.14s
2024.06.23 13:39:58 INFO  compiling scala_f4dd477a3a (2 scala sources)
Jun 23, 2024 1:39:58 PM org.eclipse.lsp4j.jsonrpc.RemoteEndpoint handleCancellation
WARNING: Unmatched cancel notification for request id 1341
2024.06.23 13:39:58 INFO  time: compiled Scala_f4dd477a3a in 0.13s
2024.06.23 13:40:00 INFO  compiling scala_f4dd477a3a (2 scala sources)
2024.06.23 13:40:00 INFO  time: compiled Scala_f4dd477a3a in 0.18s
2024.06.23 13:40:02 INFO  compiling scala_f4dd477a3a (2 scala sources)
2024.06.23 13:40:02 INFO  time: compiled Scala_f4dd477a3a in 0.11s
2024.06.23 13:40:04 INFO  compiling scala_f4dd477a3a (2 scala sources)
2024.06.23 13:40:04 INFO  time: compiled Scala_f4dd477a3a in 0.1s
2024.06.23 13:40:05 INFO  compiling scala_f4dd477a3a (2 scala sources)
2024.06.23 13:40:05 INFO  time: compiled Scala_f4dd477a3a in 0.14s
2024.06.23 13:40:08 INFO  compiling scala_f4dd477a3a (2 scala sources)
2024.06.23 13:40:08 INFO  time: compiled Scala_f4dd477a3a in 0.13s
2024.06.23 13:40:10 INFO  compiling scala_f4dd477a3a (2 scala sources)
2024.06.23 13:40:10 INFO  time: compiled Scala_f4dd477a3a in 92ms
2024.06.23 13:40:18 INFO  compiling scala_f4dd477a3a (2 scala sources)
2024.06.23 13:40:18 INFO  time: compiled Scala_f4dd477a3a in 90ms
2024.06.23 13:40:20 INFO  compiling scala_f4dd477a3a (2 scala sources)
2024.06.23 13:40:20 INFO  time: compiled Scala_f4dd477a3a in 94ms
2024.06.23 13:40:23 INFO  compiling scala_f4dd477a3a (2 scala sources)
2024.06.23 13:40:23 INFO  time: compiled Scala_f4dd477a3a in 0.11s
2024.06.23 13:40:29 INFO  compiling scala_f4dd477a3a (2 scala sources)
2024.06.23 13:40:29 INFO  time: compiled Scala_f4dd477a3a in 0.11s
2024.06.23 13:40:30 INFO  compiling scala_f4dd477a3a (2 scala sources)
2024.06.23 13:40:30 INFO  time: compiled Scala_f4dd477a3a in 0.11s
2024.06.23 13:40:32 INFO  compiling scala_f4dd477a3a (2 scala sources)
2024.06.23 13:40:32 INFO  time: compiled Scala_f4dd477a3a in 85ms
2024.06.23 13:40:36 INFO  compiling scala_f4dd477a3a (2 scala sources)
2024.06.23 13:40:36 INFO  time: compiled Scala_f4dd477a3a in 0.1s
2024.06.23 13:40:38 INFO  compiling scala_f4dd477a3a (2 scala sources)
2024.06.23 13:40:38 INFO  time: compiled Scala_f4dd477a3a in 0.12s
2024.06.23 13:40:54 INFO  compiling scala_f4dd477a3a (2 scala sources)
2024.06.23 13:40:54 INFO  time: compiled Scala_f4dd477a3a in 0.23s
2024.06.23 13:41:07 INFO  compiling scala_f4dd477a3a (1 scala source)
2024.06.23 13:41:07 INFO  time: compiled Scala_f4dd477a3a in 0.17s
2024.06.23 13:41:41 INFO  compiling scala_f4dd477a3a (1 scala source)
2024.06.23 13:41:41 INFO  time: compiled Scala_f4dd477a3a in 0.16s
2024.06.23 13:41:42 WARN  Could not find semantic tokens for: file:///F:/Scala/labsheet01/labsheet_2/Q4.scala
2024.06.23 13:41:42 INFO  time: indexed workspace in 1.16s
2024.06.23 13:41:43 WARN  Could not find semantic tokens for: file:///F:/Scala/labsheet01/labsheet_2/Q4.scala
2024.06.23 13:41:52 WARN  Could not find semantic tokens for: file:///F:/Scala/labsheet01/labsheet_2/Q4.scala
2024.06.23 13:41:54 INFO  compiling scala_f4dd477a3a (1 scala source)
2024.06.23 13:41:54 INFO  time: compiled Scala_f4dd477a3a in 0.1s
2024.06.23 13:41:55 INFO  compiling scala_f4dd477a3a (1 scala source)
2024.06.23 13:41:55 INFO  time: compiled Scala_f4dd477a3a in 65ms
2024.06.23 13:41:56 INFO  compiling scala_f4dd477a3a (1 scala source)
2024.06.23 13:41:56 INFO  time: compiled Scala_f4dd477a3a in 73ms
2024.06.23 13:42:00 INFO  compiling scala_f4dd477a3a (1 scala source)
2024.06.23 13:42:00 INFO  time: compiled Scala_f4dd477a3a in 0.19s
2024.06.23 13:42:03 INFO  compiling scala_f4dd477a3a (2 scala sources)
2024.06.23 13:42:03 INFO  time: compiled Scala_f4dd477a3a in 0.14s
2024.06.23 14:10:50 INFO  compiling scala_f4dd477a3a (2 scala sources)
2024.06.23 14:10:50 INFO  time: compiled Scala_f4dd477a3a in 0.35s
2024.06.23 14:10:52 INFO  compiling scala_f4dd477a3a (1 scala source)
2024.06.23 14:10:52 INFO  time: compiled Scala_f4dd477a3a in 0.36s
2024.06.23 14:10:53 INFO  compiling scala_f4dd477a3a (1 scala source)
2024.06.23 14:10:53 INFO  time: compiled Scala_f4dd477a3a in 0.25s
2024.06.23 14:10:59 INFO  compiling scala_f4dd477a3a (1 scala source)
2024.06.23 14:10:59 INFO  time: compiled Scala_f4dd477a3a in 0.24s
2024.06.23 14:11:05 INFO  compiling scala_f4dd477a3a (1 scala source)
2024.06.23 14:11:05 INFO  time: compiled Scala_f4dd477a3a in 0.12s
2024.06.23 14:11:08 INFO  compiling scala_f4dd477a3a (1 scala source)
2024.06.23 14:11:08 INFO  time: compiled Scala_f4dd477a3a in 0.1s
2024.06.23 14:11:33 INFO  compiling scala_f4dd477a3a (1 scala source)
2024.06.23 14:11:33 INFO  time: compiled Scala_f4dd477a3a in 80ms
2024.06.23 14:11:36 INFO  compiling scala_f4dd477a3a (1 scala source)
2024.06.23 14:11:36 INFO  time: compiled Scala_f4dd477a3a in 89ms
2024.06.23 14:11:38 INFO  compiling scala_f4dd477a3a (1 scala source)
2024.06.23 14:11:38 INFO  time: compiled Scala_f4dd477a3a in 75ms
2024.06.23 14:11:41 INFO  compiling scala_f4dd477a3a (1 scala source)
2024.06.23 14:11:41 INFO  time: compiled Scala_f4dd477a3a in 77ms
2024.06.23 14:11:43 INFO  compiling scala_f4dd477a3a (1 scala source)
2024.06.23 14:11:43 INFO  time: compiled Scala_f4dd477a3a in 0.36s
2024.06.23 14:14:29 INFO  compiling scala_f4dd477a3a (1 scala source)
2024.06.23 14:14:29 INFO  time: compiled Scala_f4dd477a3a in 0.31s
2024.06.23 14:14:29 INFO  compiling scala_f4dd477a3a (1 scala source)
2024.06.23 14:14:29 INFO  time: compiled Scala_f4dd477a3a in 0.29s
2024.06.23 14:14:33 INFO  compiling scala_f4dd477a3a (1 scala source)
2024.06.23 14:14:33 INFO  time: compiled Scala_f4dd477a3a in 0.2s
2024.06.23 14:14:36 INFO  compiling scala_f4dd477a3a (1 scala source)
2024.06.23 14:14:36 INFO  time: compiled Scala_f4dd477a3a in 0.26s
2024.06.23 14:14:37 INFO  compiling scala_f4dd477a3a (1 scala source)
2024.06.23 14:14:37 INFO  time: compiled Scala_f4dd477a3a in 0.25s
2024.06.23 14:14:53 INFO  compiling scala_f4dd477a3a (1 scala source)
2024.06.23 14:14:53 INFO  time: compiled Scala_f4dd477a3a in 0.29s
2024.06.23 14:14:55 INFO  compiling scala_f4dd477a3a (1 scala source)
2024.06.23 14:14:55 INFO  time: compiled Scala_f4dd477a3a in 0.26s
2024.06.23 14:14:59 INFO  compiling scala_f4dd477a3a (1 scala source)
2024.06.23 14:14:59 INFO  time: compiled Scala_f4dd477a3a in 0.25s
2024.06.23 14:15:00 INFO  compiling scala_f4dd477a3a (1 scala source)
2024.06.23 14:15:00 INFO  time: compiled Scala_f4dd477a3a in 0.26s
2024.06.23 14:15:18 INFO  compiling scala_f4dd477a3a (1 scala source)
2024.06.23 14:15:18 INFO  time: compiled Scala_f4dd477a3a in 0.24s
2024.06.23 14:15:22 INFO  compiling scala_f4dd477a3a (1 scala source)
2024.06.23 14:15:22 INFO  time: compiled Scala_f4dd477a3a in 0.2s
2024.06.23 14:15:25 INFO  compiling scala_f4dd477a3a (1 scala source)
2024.06.23 14:15:25 INFO  time: compiled Scala_f4dd477a3a in 0.43s
2024.06.23 14:15:28 INFO  compiling scala_f4dd477a3a (1 scala source)
2024.06.23 14:15:28 INFO  time: compiled Scala_f4dd477a3a in 0.19s
2024.06.23 14:15:31 INFO  compiling scala_f4dd477a3a (1 scala source)
2024.06.23 14:15:31 INFO  time: compiled Scala_f4dd477a3a in 0.19s
2024.06.23 14:15:33 INFO  compiling scala_f4dd477a3a (1 scala source)
2024.06.23 14:15:33 INFO  time: compiled Scala_f4dd477a3a in 90ms
2024.06.23 14:15:37 INFO  compiling scala_f4dd477a3a (1 scala source)
2024.06.23 14:15:37 INFO  time: compiled Scala_f4dd477a3a in 0.1s
2024.06.23 14:15:40 INFO  compiling scala_f4dd477a3a (1 scala source)
2024.06.23 14:15:40 INFO  time: compiled Scala_f4dd477a3a in 0.1s
2024.06.23 14:15:42 INFO  compiling scala_f4dd477a3a (1 scala source)
2024.06.23 14:15:42 INFO  time: compiled Scala_f4dd477a3a in 0.11s
2024.06.23 14:15:47 INFO  compiling scala_f4dd477a3a (1 scala source)
2024.06.23 14:15:47 INFO  time: compiled Scala_f4dd477a3a in 87ms
Jun 23, 2024 2:16:20 PM org.eclipse.lsp4j.jsonrpc.RemoteEndpoint handleCancellation
WARNING: Unmatched cancel notification for request id 2221
2024.06.23 14:16:22 INFO  compiling scala_f4dd477a3a (1 scala source)
2024.06.23 14:16:22 INFO  time: compiled Scala_f4dd477a3a in 0.13s
2024.06.23 14:16:39 INFO  compiling scala_f4dd477a3a (1 scala source)
2024.06.23 14:16:39 INFO  time: compiled Scala_f4dd477a3a in 0.3s
2024.06.23 14:16:42 INFO  compiling scala_f4dd477a3a (1 scala source)
2024.06.23 14:16:42 INFO  time: compiled Scala_f4dd477a3a in 0.33s
2024.06.23 14:16:45 INFO  compiling scala_f4dd477a3a (1 scala source)
2024.06.23 14:16:45 INFO  time: compiled Scala_f4dd477a3a in 85ms
2024.06.23 14:16:46 INFO  compiling scala_f4dd477a3a (1 scala source)
2024.06.23 14:16:46 INFO  time: compiled Scala_f4dd477a3a in 92ms
2024.06.23 14:16:48 INFO  compiling scala_f4dd477a3a (1 scala source)
2024.06.23 14:16:48 INFO  time: compiled Scala_f4dd477a3a in 85ms
2024.06.23 14:16:49 INFO  compiling scala_f4dd477a3a (1 scala source)
2024.06.23 14:16:49 INFO  time: compiled Scala_f4dd477a3a in 0.24s
2024.06.23 14:16:51 INFO  compiling scala_f4dd477a3a (1 scala source)
2024.06.23 14:16:51 INFO  time: compiled Scala_f4dd477a3a in 80ms
2024.06.23 14:16:52 INFO  compiling scala_f4dd477a3a (1 scala source)
2024.06.23 14:16:52 INFO  time: compiled Scala_f4dd477a3a in 0.26s
2024.06.23 14:16:54 INFO  compiling scala_f4dd477a3a (1 scala source)
2024.06.23 14:16:54 INFO  time: compiled Scala_f4dd477a3a in 0.26s
2024.06.23 14:16:57 INFO  compiling scala_f4dd477a3a (1 scala source)
2024.06.23 14:16:57 INFO  time: compiled Scala_f4dd477a3a in 82ms
2024.06.23 14:17:00 INFO  compiling scala_f4dd477a3a (1 scala source)
2024.06.23 14:17:00 INFO  time: compiled Scala_f4dd477a3a in 93ms
2024.06.23 14:17:05 INFO  compiling scala_f4dd477a3a (1 scala source)
2024.06.23 14:17:05 INFO  time: compiled Scala_f4dd477a3a in 0.1s
2024.06.23 14:17:06 INFO  compiling scala_f4dd477a3a (1 scala source)
2024.06.23 14:17:06 INFO  time: compiled Scala_f4dd477a3a in 95ms
2024.06.23 14:17:10 INFO  compiling scala_f4dd477a3a (1 scala source)
2024.06.23 14:17:10 INFO  time: compiled Scala_f4dd477a3a in 90ms
2024.06.23 14:17:11 INFO  compiling scala_f4dd477a3a (1 scala source)
2024.06.23 14:17:11 INFO  time: compiled Scala_f4dd477a3a in 0.11s
2024.06.23 14:17:12 INFO  compiling scala_f4dd477a3a (1 scala source)
2024.06.23 14:17:12 INFO  time: compiled Scala_f4dd477a3a in 98ms
2024.06.23 14:17:16 INFO  compiling scala_f4dd477a3a (1 scala source)
2024.06.23 14:17:16 INFO  time: compiled Scala_f4dd477a3a in 0.26s
2024.06.23 14:17:18 INFO  compiling scala_f4dd477a3a (1 scala source)
2024.06.23 14:17:18 INFO  time: compiled Scala_f4dd477a3a in 0.27s
2024.06.23 14:18:12 INFO  compiling scala_f4dd477a3a (1 scala source)
2024.06.23 14:18:12 INFO  time: compiled Scala_f4dd477a3a in 0.26s
2024.06.23 14:18:48 INFO  compiling scala_f4dd477a3a (1 scala source)
2024.06.23 14:18:48 INFO  time: compiled Scala_f4dd477a3a in 0.35s
2024.06.23 14:18:52 INFO  compiling scala_f4dd477a3a (1 scala source)
2024.06.23 14:18:52 INFO  time: compiled Scala_f4dd477a3a in 89ms
2024.06.23 14:18:55 INFO  compiling scala_f4dd477a3a (1 scala source)
2024.06.23 14:18:55 INFO  time: compiled Scala_f4dd477a3a in 0.24s
2024.06.23 14:18:57 INFO  compiling scala_f4dd477a3a (1 scala source)
2024.06.23 14:18:57 INFO  time: compiled Scala_f4dd477a3a in 0.24s
2024.06.23 14:18:59 INFO  compiling scala_f4dd477a3a (1 scala source)
2024.06.23 14:18:59 INFO  time: compiled Scala_f4dd477a3a in 0.21s
2024.06.23 14:19:02 INFO  compiling scala_f4dd477a3a (1 scala source)
2024.06.23 14:19:02 INFO  time: compiled Scala_f4dd477a3a in 0.21s
2024.06.23 14:19:06 INFO  compiling scala_f4dd477a3a (1 scala source)
2024.06.23 14:19:06 INFO  time: compiled Scala_f4dd477a3a in 0.2s
2024.06.23 14:19:07 INFO  compiling scala_f4dd477a3a (1 scala source)
2024.06.23 14:19:07 INFO  time: compiled Scala_f4dd477a3a in 0.26s
2024.06.23 14:19:10 INFO  compiling scala_f4dd477a3a (1 scala source)
2024.06.23 14:19:10 INFO  time: compiled Scala_f4dd477a3a in 0.24s
2024.06.23 14:19:21 INFO  compiling scala_f4dd477a3a (1 scala source)
2024.06.23 14:19:21 INFO  time: compiled Scala_f4dd477a3a in 0.27s
2024.06.23 14:19:22 INFO  compiling scala_f4dd477a3a (1 scala source)
2024.06.23 14:19:22 INFO  time: compiled Scala_f4dd477a3a in 0.27s
2024.06.23 14:19:24 INFO  compiling scala_f4dd477a3a (1 scala source)
2024.06.23 14:19:24 INFO  time: compiled Scala_f4dd477a3a in 0.29s
2024.06.23 14:19:25 INFO  compiling scala_f4dd477a3a (1 scala source)
2024.06.23 14:19:25 INFO  time: compiled Scala_f4dd477a3a in 0.2s
2024.06.23 14:19:30 INFO  compiling scala_f4dd477a3a (1 scala source)
2024.06.23 14:19:30 INFO  time: compiled Scala_f4dd477a3a in 0.26s
2024.06.23 14:19:36 INFO  compiling scala_f4dd477a3a (1 scala source)
2024.06.23 14:19:36 INFO  time: compiled Scala_f4dd477a3a in 0.24s
2024.06.23 14:19:37 INFO  compiling scala_f4dd477a3a (1 scala source)
2024.06.23 14:19:37 INFO  time: compiled Scala_f4dd477a3a in 0.34s
2024.06.23 14:20:24 INFO  compiling scala_f4dd477a3a (1 scala source)
2024.06.23 14:20:24 INFO  time: compiled Scala_f4dd477a3a in 0.41s
2024.06.23 14:20:26 INFO  compiling scala_f4dd477a3a (1 scala source)
2024.06.23 14:20:26 INFO  time: compiled Scala_f4dd477a3a in 0.29s
2024.06.23 14:20:28 INFO  compiling scala_f4dd477a3a (1 scala source)
2024.06.23 14:20:28 INFO  time: compiled Scala_f4dd477a3a in 0.27s
2024.06.23 14:20:33 INFO  compiling scala_f4dd477a3a (1 scala source)
2024.06.23 14:20:33 INFO  time: compiled Scala_f4dd477a3a in 0.21s
2024.06.23 14:20:34 INFO  compiling scala_f4dd477a3a (1 scala source)
2024.06.23 14:20:34 INFO  time: compiled Scala_f4dd477a3a in 0.31s
2024.06.23 14:20:37 INFO  compiling scala_f4dd477a3a (1 scala source)
2024.06.23 14:20:37 INFO  time: compiled Scala_f4dd477a3a in 0.23s
2024.06.23 14:20:41 INFO  compiling scala_f4dd477a3a (1 scala source)
2024.06.23 14:20:41 INFO  time: compiled Scala_f4dd477a3a in 0.23s
2024.06.23 14:20:54 INFO  compiling scala_f4dd477a3a (1 scala source)
2024.06.23 14:20:54 INFO  time: compiled Scala_f4dd477a3a in 80ms
2024.06.23 14:21:07 INFO  compiling scala_f4dd477a3a (1 scala source)
2024.06.23 14:21:07 INFO  time: compiled Scala_f4dd477a3a in 68ms
2024.06.23 14:21:10 INFO  compiling scala_f4dd477a3a (1 scala source)
2024.06.23 14:21:10 INFO  time: compiled Scala_f4dd477a3a in 65ms
2024.06.23 14:21:56 INFO  compiling scala_f4dd477a3a (1 scala source)
2024.06.23 14:21:56 INFO  time: compiled Scala_f4dd477a3a in 92ms
2024.06.23 14:22:10 INFO  compiling scala_f4dd477a3a (1 scala source)
2024.06.23 14:22:10 INFO  time: compiled Scala_f4dd477a3a in 74ms
2024.06.23 14:22:13 INFO  compiling scala_f4dd477a3a (1 scala source)
2024.06.23 14:22:13 INFO  time: compiled Scala_f4dd477a3a in 69ms
2024.06.23 14:22:27 INFO  compiling scala_f4dd477a3a (1 scala source)
2024.06.23 14:22:27 INFO  time: compiled Scala_f4dd477a3a in 78ms
2024.06.23 14:22:38 INFO  compiling scala_f4dd477a3a (1 scala source)
2024.06.23 14:22:38 INFO  time: compiled Scala_f4dd477a3a in 75ms
2024.06.23 14:22:39 INFO  compiling scala_f4dd477a3a (1 scala source)
2024.06.23 14:22:39 INFO  time: compiled Scala_f4dd477a3a in 68ms
2024.06.23 14:22:41 INFO  compiling scala_f4dd477a3a (1 scala source)
2024.06.23 14:22:41 INFO  time: compiled Scala_f4dd477a3a in 81ms
2024.06.23 14:22:42 INFO  compiling scala_f4dd477a3a (1 scala source)
2024.06.23 14:22:42 INFO  time: compiled Scala_f4dd477a3a in 74ms
2024.06.23 14:23:26 INFO  compiling scala_f4dd477a3a (1 scala source)
2024.06.23 14:23:26 INFO  time: compiled Scala_f4dd477a3a in 86ms
2024.06.23 14:23:29 INFO  compiling scala_f4dd477a3a (1 scala source)
2024.06.23 14:23:29 INFO  time: compiled Scala_f4dd477a3a in 65ms
2024.06.23 14:23:34 INFO  compiling scala_f4dd477a3a (1 scala source)
2024.06.23 14:23:34 INFO  time: compiled Scala_f4dd477a3a in 76ms
2024.06.23 14:23:37 INFO  compiling scala_f4dd477a3a (1 scala source)
2024.06.23 14:23:37 INFO  time: compiled Scala_f4dd477a3a in 70ms
2024.06.23 14:23:42 INFO  compiling scala_f4dd477a3a (1 scala source)
2024.06.23 14:23:42 INFO  time: compiled Scala_f4dd477a3a in 0.24s
2024.06.23 14:23:52 INFO  compiling scala_f4dd477a3a (1 scala source)
2024.06.23 14:23:52 INFO  time: compiled Scala_f4dd477a3a in 0.26s
2024.06.23 14:23:56 INFO  compiling scala_f4dd477a3a (1 scala source)
2024.06.23 14:23:56 INFO  time: compiled Scala_f4dd477a3a in 0.12s
2024.06.23 14:23:58 INFO  compiling scala_f4dd477a3a (1 scala source)
2024.06.23 14:23:58 INFO  time: compiled Scala_f4dd477a3a in 57ms
2024.06.23 14:24:04 INFO  compiling scala_f4dd477a3a (1 scala source)
2024.06.23 14:24:04 INFO  time: compiled Scala_f4dd477a3a in 0.19s
2024.06.23 14:24:05 INFO  compiling scala_f4dd477a3a (1 scala source)
2024.06.23 14:24:05 INFO  time: compiled Scala_f4dd477a3a in 0.25s
2024.06.23 14:24:07 INFO  compiling scala_f4dd477a3a (1 scala source)
2024.06.23 14:24:07 INFO  time: compiled Scala_f4dd477a3a in 0.3s
2024.06.23 14:24:11 INFO  compiling scala_f4dd477a3a (1 scala source)
2024.06.23 14:24:11 INFO  time: compiled Scala_f4dd477a3a in 95ms
2024.06.23 14:24:16 INFO  compiling scala_f4dd477a3a (1 scala source)
2024.06.23 14:24:16 INFO  time: compiled Scala_f4dd477a3a in 86ms
2024.06.23 14:24:18 INFO  compiling scala_f4dd477a3a (1 scala source)
2024.06.23 14:24:18 INFO  time: compiled Scala_f4dd477a3a in 0.21s
2024.06.23 14:24:34 INFO  compiling scala_f4dd477a3a (1 scala source)
2024.06.23 14:24:34 INFO  time: compiled Scala_f4dd477a3a in 0.21s
2024.06.23 14:24:36 INFO  compiling scala_f4dd477a3a (1 scala source)
2024.06.23 14:24:36 INFO  time: compiled Scala_f4dd477a3a in 0.2s
2024.06.23 14:24:38 INFO  compiling scala_f4dd477a3a (1 scala source)
2024.06.23 14:24:38 INFO  time: compiled Scala_f4dd477a3a in 68ms
2024.06.23 14:24:56 INFO  compiling scala_f4dd477a3a (1 scala source)
2024.06.23 14:24:56 INFO  time: compiled Scala_f4dd477a3a in 0.17s
2024.06.23 14:24:57 INFO  compiling scala_f4dd477a3a (1 scala source)
2024.06.23 14:24:57 INFO  time: compiled Scala_f4dd477a3a in 0.1s
2024.06.23 14:24:59 INFO  compiling scala_f4dd477a3a (1 scala source)
2024.06.23 14:24:59 INFO  time: compiled Scala_f4dd477a3a in 82ms
2024.06.23 14:25:01 INFO  compiling scala_f4dd477a3a (1 scala source)
2024.06.23 14:25:01 INFO  time: compiled Scala_f4dd477a3a in 0.22s
2024.06.23 14:25:11 INFO  compiling scala_f4dd477a3a (1 scala source)
2024.06.23 14:25:11 INFO  time: compiled Scala_f4dd477a3a in 98ms
2024.06.23 14:25:17 INFO  compiling scala_f4dd477a3a (1 scala source)
2024.06.23 14:25:17 INFO  time: compiled Scala_f4dd477a3a in 0.19s
2024.06.23 14:25:21 INFO  compiling scala_f4dd477a3a (1 scala source)
2024.06.23 14:25:21 INFO  time: compiled Scala_f4dd477a3a in 0.24s
2024.06.23 14:25:23 INFO  compiling scala_f4dd477a3a (1 scala source)
2024.06.23 14:25:23 INFO  time: compiled Scala_f4dd477a3a in 73ms
2024.06.23 14:25:23 WARN  Could not load snapshot text for F:\Scala\labsheet01\labsheet_2\Q4.scala
2024.06.23 14:25:24 WARN  Could not load snapshot text for F:\Scala\labsheet01\labsheet_2\Q4.scala
2024.06.23 14:25:24 INFO  compiling scala_f4dd477a3a (1 scala source)
2024.06.23 14:25:24 INFO  time: compiled Scala_f4dd477a3a in 0.11s
2024.06.23 14:25:24 WARN  Could not load snapshot text for F:\Scala\labsheet01\labsheet_2\Q4.scala
2024.06.23 14:25:25 INFO  compiling scala_f4dd477a3a (1 scala source)
2024.06.23 14:25:25 WARN  Could not load snapshot text for F:\Scala\labsheet01\labsheet_2\Q4.scala
2024.06.23 14:25:25 INFO  time: compiled Scala_f4dd477a3a in 63ms
2024.06.23 14:25:25 WARN  Could not load snapshot text for F:\Scala\labsheet01\labsheet_2\Q4.scala
2024.06.23 14:25:26 INFO  compiling scala_f4dd477a3a (1 scala source)
2024.06.23 14:25:26 INFO  time: compiled Scala_f4dd477a3a in 0.23s
2024.06.23 14:25:27 WARN  Could not load snapshot text for F:\Scala\labsheet01\labsheet_2\Q4.scala
2024.06.23 14:25:36 WARN  Could not load snapshot text for F:\Scala\labsheet01\labsheet_2\Q4.scala
2024.06.23 14:25:37 INFO  compiling scala_f4dd477a3a (1 scala source)
2024.06.23 14:25:37 INFO  time: compiled Scala_f4dd477a3a in 91ms
2024.06.23 14:25:38 WARN  Could not load snapshot text for F:\Scala\labsheet01\labsheet_2\Q4.scala
2024.06.23 14:25:58 WARN  Could not load snapshot text for F:\Scala\labsheet01\labsheet_2\Q4.scala
2024.06.23 14:25:59 INFO  compiling scala_f4dd477a3a (1 scala source)
2024.06.23 14:25:59 INFO  time: compiled Scala_f4dd477a3a in 84ms
2024.06.23 14:25:59 WARN  Could not load snapshot text for F:\Scala\labsheet01\labsheet_2\Q4.scala
2024.06.23 14:26:04 WARN  Could not load snapshot text for F:\Scala\labsheet01\labsheet_2\Q4.scala
2024.06.23 14:26:04 WARN  Could not load snapshot text for F:\Scala\labsheet01\labsheet_2\Q4.scala
2024.06.23 14:26:05 INFO  compiling scala_f4dd477a3a (1 scala source)
2024.06.23 14:26:05 INFO  time: compiled Scala_f4dd477a3a in 0.27s
2024.06.23 14:26:06 WARN  Could not load snapshot text for F:\Scala\labsheet01\labsheet_2\Q4.scala
2024.06.23 14:26:07 WARN  Could not load snapshot text for F:\Scala\labsheet01\labsheet_2\Q4.scala
2024.06.23 14:26:08 INFO  compiling scala_f4dd477a3a (1 scala source)
2024.06.23 14:26:08 INFO  time: compiled Scala_f4dd477a3a in 0.11s
2024.06.23 14:26:08 WARN  Could not load snapshot text for F:\Scala\labsheet01\labsheet_2\Q4.scala
2024.06.23 14:26:32 WARN  Could not load snapshot text for F:\Scala\labsheet01\labsheet_2\Q4.scala
2024.06.23 14:26:33 WARN  Could not load snapshot text for F:\Scala\labsheet01\labsheet_2\Q4.scala
2024.06.23 14:26:34 INFO  compiling scala_f4dd477a3a (1 scala source)
2024.06.23 14:26:34 INFO  time: compiled Scala_f4dd477a3a in 0.11s
2024.06.23 14:26:34 WARN  Could not load snapshot text for F:\Scala\labsheet01\labsheet_2\Q4.scala
2024.06.23 14:26:37 WARN  Could not load snapshot text for F:\Scala\labsheet01\labsheet_2\Q4.scala
2024.06.23 14:26:38 INFO  compiling scala_f4dd477a3a (1 scala source)
2024.06.23 14:26:38 INFO  time: compiled Scala_f4dd477a3a in 0.11s
2024.06.23 14:26:38 WARN  Could not load snapshot text for F:\Scala\labsheet01\labsheet_2\Q4.scala
2024.06.23 14:26:56 WARN  Could not load snapshot text for F:\Scala\labsheet01\labsheet_2\Q4.scala
2024.06.23 14:26:58 INFO  compiling scala_f4dd477a3a (1 scala source)
2024.06.23 14:26:58 INFO  time: compiled Scala_f4dd477a3a in 0.19s
2024.06.23 14:27:01 INFO  compiling scala_f4dd477a3a (1 scala source)
2024.06.23 14:27:01 INFO  time: compiled Scala_f4dd477a3a in 0.22s
2024.06.23 14:27:03 INFO  compiling scala_f4dd477a3a (1 scala source)
2024.06.23 14:27:03 INFO  time: compiled Scala_f4dd477a3a in 0.25s
2024.06.23 14:27:11 INFO  compiling scala_f4dd477a3a (1 scala source)
2024.06.23 14:27:11 INFO  time: compiled Scala_f4dd477a3a in 0.21s
2024.06.23 14:27:15 INFO  compiling scala_f4dd477a3a (1 scala source)
2024.06.23 14:27:15 INFO  time: compiled Scala_f4dd477a3a in 0.11s
2024.06.23 14:27:23 INFO  compiling scala_f4dd477a3a (1 scala source)
2024.06.23 14:27:23 INFO  time: compiled Scala_f4dd477a3a in 77ms
2024.06.23 14:27:24 INFO  compiling scala_f4dd477a3a (1 scala source)
2024.06.23 14:27:24 INFO  time: compiled Scala_f4dd477a3a in 72ms
2024.06.23 14:27:25 INFO  compiling scala_f4dd477a3a (1 scala source)
2024.06.23 14:27:25 INFO  time: compiled Scala_f4dd477a3a in 54ms
2024.06.23 14:27:28 INFO  compiling scala_f4dd477a3a (1 scala source)
2024.06.23 14:27:28 INFO  time: compiled Scala_f4dd477a3a in 92ms
2024.06.23 14:27:30 INFO  compiling scala_f4dd477a3a (1 scala source)
2024.06.23 14:27:30 INFO  time: compiled Scala_f4dd477a3a in 79ms
2024.06.23 14:27:31 INFO  compiling scala_f4dd477a3a (1 scala source)
2024.06.23 14:27:31 INFO  time: compiled Scala_f4dd477a3a in 0.1s
2024.06.23 14:27:33 INFO  compiling scala_f4dd477a3a (1 scala source)
2024.06.23 14:27:33 INFO  time: compiled Scala_f4dd477a3a in 77ms
2024.06.23 14:27:36 INFO  compiling scala_f4dd477a3a (1 scala source)
2024.06.23 14:27:36 INFO  time: compiled Scala_f4dd477a3a in 71ms
2024.06.23 14:27:37 INFO  compiling scala_f4dd477a3a (1 scala source)
2024.06.23 14:27:37 INFO  time: compiled Scala_f4dd477a3a in 98ms
2024.06.23 14:27:39 INFO  compiling scala_f4dd477a3a (1 scala source)
2024.06.23 14:27:39 INFO  time: compiled Scala_f4dd477a3a in 77ms
2024.06.23 14:27:40 INFO  compiling scala_f4dd477a3a (1 scala source)
2024.06.23 14:27:40 INFO  time: compiled Scala_f4dd477a3a in 84ms
2024.06.23 14:27:50 INFO  compiling scala_f4dd477a3a (1 scala source)
2024.06.23 14:27:50 INFO  time: compiled Scala_f4dd477a3a in 66ms
2024.06.23 14:27:52 INFO  compiling scala_f4dd477a3a (1 scala source)
2024.06.23 14:27:52 INFO  time: compiled Scala_f4dd477a3a in 68ms
2024.06.23 14:27:53 INFO  compiling scala_f4dd477a3a (1 scala source)
2024.06.23 14:27:53 INFO  time: compiled Scala_f4dd477a3a in 68ms
2024.06.23 14:27:54 INFO  compiling scala_f4dd477a3a (1 scala source)
2024.06.23 14:27:54 INFO  time: compiled Scala_f4dd477a3a in 78ms
2024.06.23 14:27:57 INFO  compiling scala_f4dd477a3a (1 scala source)
2024.06.23 14:27:57 INFO  time: compiled Scala_f4dd477a3a in 78ms
2024.06.23 14:28:14 INFO  compiling scala_f4dd477a3a (1 scala source)
2024.06.23 14:28:14 INFO  time: compiled Scala_f4dd477a3a in 90ms
2024.06.23 14:28:27 INFO  compiling scala_f4dd477a3a (1 scala source)
2024.06.23 14:28:27 INFO  time: compiled Scala_f4dd477a3a in 0.2s
2024.06.23 14:28:32 INFO  compiling scala_f4dd477a3a (1 scala source)
2024.06.23 14:28:32 INFO  time: compiled Scala_f4dd477a3a in 0.26s
Jun 23, 2024 2:28:33 PM org.eclipse.lsp4j.jsonrpc.RemoteEndpoint handleCancellation
WARNING: Unmatched cancel notification for request id 3916
2024.06.23 14:28:35 INFO  compiling scala_f4dd477a3a (1 scala source)
2024.06.23 14:28:35 INFO  time: compiled Scala_f4dd477a3a in 72ms
2024.06.23 14:28:38 INFO  compiling scala_f4dd477a3a (1 scala source)
2024.06.23 14:28:38 INFO  time: compiled Scala_f4dd477a3a in 0.11s
2024.06.23 14:28:39 INFO  compiling scala_f4dd477a3a (1 scala source)
2024.06.23 14:28:39 INFO  time: compiled Scala_f4dd477a3a in 76ms
2024.06.23 14:29:01 INFO  compiling scala_f4dd477a3a (1 scala source)
2024.06.23 14:29:01 INFO  time: compiled Scala_f4dd477a3a in 81ms
2024.06.23 14:29:02 INFO  compiling scala_f4dd477a3a (1 scala source)
2024.06.23 14:29:02 INFO  time: compiled Scala_f4dd477a3a in 94ms
2024.06.23 14:29:05 INFO  compiling scala_f4dd477a3a (1 scala source)
2024.06.23 14:29:05 INFO  time: compiled Scala_f4dd477a3a in 60ms
2024.06.23 14:29:06 INFO  compiling scala_f4dd477a3a (1 scala source)
2024.06.23 14:29:06 INFO  time: compiled Scala_f4dd477a3a in 61ms
2024.06.23 14:29:08 INFO  compiling scala_f4dd477a3a (1 scala source)
2024.06.23 14:29:08 INFO  time: compiled Scala_f4dd477a3a in 99ms
2024.06.23 14:29:10 INFO  compiling scala_f4dd477a3a (1 scala source)
2024.06.23 14:29:10 INFO  time: compiled Scala_f4dd477a3a in 54ms
2024.06.23 14:29:12 INFO  compiling scala_f4dd477a3a (1 scala source)
2024.06.23 14:29:12 INFO  time: compiled Scala_f4dd477a3a in 64ms
2024.06.23 14:29:13 INFO  compiling scala_f4dd477a3a (1 scala source)
2024.06.23 14:29:13 INFO  time: compiled Scala_f4dd477a3a in 0.26s
2024.06.23 14:29:16 INFO  compiling scala_f4dd477a3a (1 scala source)
2024.06.23 14:29:16 INFO  time: compiled Scala_f4dd477a3a in 65ms
2024.06.23 14:29:18 INFO  compiling scala_f4dd477a3a (1 scala source)
2024.06.23 14:29:18 INFO  time: compiled Scala_f4dd477a3a in 0.2s
2024.06.23 14:29:21 INFO  compiling scala_f4dd477a3a (1 scala source)
2024.06.23 14:29:21 INFO  time: compiled Scala_f4dd477a3a in 0.19s
2024.06.23 14:29:24 INFO  compiling scala_f4dd477a3a (1 scala source)
2024.06.23 14:29:24 INFO  time: compiled Scala_f4dd477a3a in 0.14s
2024.06.23 14:29:27 INFO  compiling scala_f4dd477a3a (1 scala source)
2024.06.23 14:29:27 INFO  time: compiled Scala_f4dd477a3a in 87ms
2024.06.23 14:29:30 INFO  compiling scala_f4dd477a3a (1 scala source)
2024.06.23 14:29:30 INFO  time: compiled Scala_f4dd477a3a in 0.17s
2024.06.23 14:29:46 INFO  compiling scala_f4dd477a3a (1 scala source)
2024.06.23 14:29:46 INFO  time: compiled Scala_f4dd477a3a in 0.22s
2024.06.23 14:29:48 INFO  compiling scala_f4dd477a3a (1 scala source)
2024.06.23 14:29:48 INFO  time: compiled Scala_f4dd477a3a in 0.1s
2024.06.23 14:29:50 INFO  compiling scala_f4dd477a3a (1 scala source)
2024.06.23 14:29:50 INFO  time: compiled Scala_f4dd477a3a in 0.11s
2024.06.23 14:29:52 INFO  compiling scala_f4dd477a3a (1 scala source)
2024.06.23 14:29:52 INFO  time: compiled Scala_f4dd477a3a in 67ms
2024.06.23 14:29:53 INFO  compiling scala_f4dd477a3a (1 scala source)
2024.06.23 14:29:53 INFO  time: compiled Scala_f4dd477a3a in 83ms
2024.06.23 14:30:12 INFO  compiling scala_f4dd477a3a (1 scala source)
2024.06.23 14:30:12 INFO  time: compiled Scala_f4dd477a3a in 80ms
2024.06.23 14:30:20 INFO  compiling scala_f4dd477a3a (1 scala source)
2024.06.23 14:30:20 INFO  time: compiled Scala_f4dd477a3a in 77ms
2024.06.23 14:30:22 INFO  compiling scala_f4dd477a3a (1 scala source)
2024.06.23 14:30:22 INFO  time: compiled Scala_f4dd477a3a in 0.18s
2024.06.23 14:30:25 INFO  compiling scala_f4dd477a3a (1 scala source)
2024.06.23 14:30:25 INFO  time: compiled Scala_f4dd477a3a in 69ms
2024.06.23 14:30:27 INFO  compiling scala_f4dd477a3a (1 scala source)
2024.06.23 14:30:27 INFO  time: compiled Scala_f4dd477a3a in 0.11s
2024.06.23 14:30:28 INFO  compiling scala_f4dd477a3a (1 scala source)
2024.06.23 14:30:28 INFO  time: compiled Scala_f4dd477a3a in 73ms
2024.06.23 14:30:31 INFO  compiling scala_f4dd477a3a (1 scala source)
2024.06.23 14:30:31 INFO  time: compiled Scala_f4dd477a3a in 64ms
2024.06.23 14:30:57 INFO  compiling scala_f4dd477a3a (1 scala source)
2024.06.23 14:30:57 INFO  time: compiled Scala_f4dd477a3a in 0.14s
2024.06.23 14:31:00 INFO  compiling scala_f4dd477a3a (1 scala source)
2024.06.23 14:31:00 INFO  time: compiled Scala_f4dd477a3a in 0.17s
2024.06.23 14:31:14 INFO  compiling scala_f4dd477a3a (1 scala source)
2024.06.23 14:31:14 INFO  time: compiled Scala_f4dd477a3a in 0.2s
2024.06.23 14:31:22 INFO  compiling scala_f4dd477a3a (1 scala source)
2024.06.23 14:31:22 INFO  time: compiled Scala_f4dd477a3a in 0.2s
2024.06.23 14:31:26 INFO  compiling scala_f4dd477a3a (1 scala source)
2024.06.23 14:31:27 WARN  Could not load snapshot text for F:\Scala\labsheet01\labsheet_2\Q4.scala
2024.06.23 14:31:26 INFO  time: compiled Scala_f4dd477a3a in 0.28s
2024.06.23 14:31:28 INFO  compiling scala_f4dd477a3a (1 scala source)
2024.06.23 14:31:28 INFO  time: compiled Scala_f4dd477a3a in 0.19s
2024.06.23 14:31:32 INFO  compiling scala_f4dd477a3a (1 scala source)
2024.06.23 14:31:32 INFO  time: compiled Scala_f4dd477a3a in 0.19s
2024.06.23 14:31:35 INFO  compiling scala_f4dd477a3a (1 scala source)
2024.06.23 14:31:35 INFO  time: compiled Scala_f4dd477a3a in 0.19s
2024.06.23 14:31:38 INFO  compiling scala_f4dd477a3a (1 scala source)
2024.06.23 14:31:38 INFO  time: compiled Scala_f4dd477a3a in 0.16s
2024.06.23 14:31:40 INFO  compiling scala_f4dd477a3a (1 scala source)
2024.06.23 14:31:40 INFO  time: compiled Scala_f4dd477a3a in 0.21s
2024.06.23 14:32:06 INFO  compiling scala_f4dd477a3a (1 scala source)
2024.06.23 14:32:06 INFO  time: compiled Scala_f4dd477a3a in 0.25s
2024.06.23 14:32:11 INFO  compiling scala_f4dd477a3a (1 scala source)
2024.06.23 14:32:11 INFO  time: compiled Scala_f4dd477a3a in 0.21s
2024.06.23 14:33:15 INFO  compiling scala_f4dd477a3a (1 scala source)
2024.06.23 14:33:15 INFO  time: compiled Scala_f4dd477a3a in 0.22s
2024.06.23 14:33:16 INFO  compiling scala_f4dd477a3a (1 scala source)
2024.06.23 14:33:16 INFO  time: compiled Scala_f4dd477a3a in 0.18s
2024.06.23 14:33:20 INFO  compiling scala_f4dd477a3a (1 scala source)
2024.06.23 14:33:20 INFO  time: compiled Scala_f4dd477a3a in 0.22s
2024.06.23 14:36:04 INFO  Shutting down server
2024.06.23 14:36:04 INFO  shutting down Metals
2024.06.23 14:36:04 INFO  Shut down connection with build server.
2024.06.23 14:36:04 INFO  Exiting server
2024.06.23 14:36:45 INFO  Started: Metals version 1.3.2 in folders 'F:\Scala\labsheets' for client Visual Studio Code 1.90.2.
SLF4J(W): Class path contains multiple SLF4J providers.
SLF4J(W): Found provider [scribe.slf4j.ScribeServiceProvider@7910e0f]
SLF4J(W): Found provider [ch.qos.logback.classic.spi.LogbackServiceProvider@5dd12e4b]
SLF4J(W): See https://www.slf4j.org/codes.html#multiple_bindings for an explanation.
SLF4J(I): Actual provider is of type [scribe.slf4j.ScribeServiceProvider@7910e0f]
2024.06.23 14:36:46 WARN  Flyway upgrade recommended: H2 2.2.224 is newer than this version of Flyway and support has not been tested. The latest supported version of H2 is 2.2.220.
2024.06.23 14:36:46 INFO  Attempting to connect to the build server...
2024.06.23 14:36:46 INFO  Running BSP server List(C:\Users\ashan\AppData\Local\Coursier\data\bin\.scala-cli.aux.exe, bsp, --json-options, F:\Scala\.scala-build\ide-options-v2.json, --json-launcher-options, F:\Scala\.scala-build\ide-launcher-options.json, --envs-file, F:\Scala\.scala-build\ide-envs.json, F:\Scala)
2024.06.23 14:36:46 INFO  tracing is disabled for protocol BSP, to enable tracing of incoming and outgoing JSON messages create an empty file at F:\Scala\labsheets\.metals\bsp.trace.json or C:\Users\ashan\AppData\Local\scalameta\metals\cache\bsp.trace.json
2024.06.23 14:36:50 INFO  time: Connected to build server in 3.26s
2024.06.23 14:36:50 INFO  Connected to Build server: scala-cli v1.3.2
2024.06.23 14:36:50 INFO  time: Imported build in 0.17s
2024.06.23 14:36:50 INFO  compiling scala_f4dd477a3a (5 scala sources)
2024.06.23 14:36:50 INFO  time: compiled Scala_f4dd477a3a in 0.65s
2024.06.23 14:36:51 INFO  compiling scala_f4dd477a3a (5 scala sources)
2024.06.23 14:36:51 INFO  time: compiled Scala_f4dd477a3a in 0.45s
2024.06.23 14:36:53 INFO  time: indexed workspace in 3.49s
2024.06.23 14:38:14 INFO  Shutting down server
2024.06.23 14:38:14 INFO  shutting down Metals
2024.06.23 14:38:14 INFO  Shut down connection with build server.
2024.06.23 14:38:14 INFO  Exiting server
2024.07.01 20:40:24 INFO  tracing is disabled for protocol LSP, to enable tracing of incoming and outgoing JSON messages create an empty file at f:\Scala\labsheets\.metals\lsp.trace.json
Exception in thread "main" java.lang.RuntimeException: Couldn't find pwsh.exe or powershell.exe on path or in default system locations
	at dev.dirs.Util.windowsFallback(Util.java:284)
	at dev.dirs.Util.getWinDirs(Util.java:166)
	at dev.dirs.ProjectDirectories.fromPath(ProjectDirectories.java:255)
	at scala.meta.internal.bsp.BspServers$.globalInstallDirectories(BspServers.scala:206)
	at scala.meta.internal.metals.MetalsServerInputs$.productionConfiguration(MetalsServerInputs.scala:72)
	at scala.meta.metals.MetalsLanguageServer$.$lessinit$greater$default$3(MetalsLanguageServer.scala:48)
	at scala.meta.metals.Main$.main(Main.scala:45)
	at scala.meta.metals.Main.main(Main.scala)
Caused by: java.io.IOException: Cannot run program "C:\WINDOWS\System32\WindowsPowerShell\v1.0\powershell.exe": CreateProcess error=225, Operation did not complete successfully because the file contains a virus or potentially unwanted software
	at java.base/java.lang.ProcessBuilder.start(ProcessBuilder.java:1143)
	at java.base/java.lang.ProcessBuilder.start(ProcessBuilder.java:1073)
	at dev.dirs.Util.runCommands(Util.java:197)
	at dev.dirs.Util.runWinCommands(Util.java:233)
	at dev.dirs.Util.windowsFallback(Util.java:282)
	... 7 more
Caused by: java.io.IOException: CreateProcess error=225, Operation did not complete successfully because the file contains a virus or potentially unwanted software
	at java.base/java.lang.ProcessImpl.create(Native Method)
	at java.base/java.lang.ProcessImpl.<init>(ProcessImpl.java:494)
	at java.base/java.lang.ProcessImpl.start(ProcessImpl.java:159)
	at java.base/java.lang.ProcessBuilder.start(ProcessBuilder.java:1110)
	... 11 more
2024.07.01 20:40:26 INFO  tracing is disabled for protocol LSP, to enable tracing of incoming and outgoing JSON messages create an empty file at f:\Scala\labsheets\.metals\lsp.trace.json
Exception in thread "main" java.lang.RuntimeException: Couldn't find pwsh.exe or powershell.exe on path or in default system locations
	at dev.dirs.Util.windowsFallback(Util.java:284)
	at dev.dirs.Util.getWinDirs(Util.java:166)
	at dev.dirs.ProjectDirectories.fromPath(ProjectDirectories.java:255)
	at scala.meta.internal.bsp.BspServers$.globalInstallDirectories(BspServers.scala:206)
	at scala.meta.internal.metals.MetalsServerInputs$.productionConfiguration(MetalsServerInputs.scala:72)
	at scala.meta.metals.MetalsLanguageServer$.$lessinit$greater$default$3(MetalsLanguageServer.scala:48)
	at scala.meta.metals.Main$.main(Main.scala:45)
	at scala.meta.metals.Main.main(Main.scala)
Caused by: java.io.IOException: Cannot run program "C:\WINDOWS\System32\WindowsPowerShell\v1.0\powershell.exe": CreateProcess error=225, Operation did not complete successfully because the file contains a virus or potentially unwanted software
	at java.base/java.lang.ProcessBuilder.start(ProcessBuilder.java:1143)
	at java.base/java.lang.ProcessBuilder.start(ProcessBuilder.java:1073)
	at dev.dirs.Util.runCommands(Util.java:197)
	at dev.dirs.Util.runWinCommands(Util.java:233)
	at dev.dirs.Util.windowsFallback(Util.java:282)
	... 7 more
Caused by: java.io.IOException: CreateProcess error=225, Operation did not complete successfully because the file contains a virus or potentially unwanted software
	at java.base/java.lang.ProcessImpl.create(Native Method)
	at java.base/java.lang.ProcessImpl.<init>(ProcessImpl.java:494)
	at java.base/java.lang.ProcessImpl.start(ProcessImpl.java:159)
	at java.base/java.lang.ProcessBuilder.start(ProcessBuilder.java:1110)
	... 11 more
2024.07.01 20:40:29 INFO  tracing is disabled for protocol LSP, to enable tracing of incoming and outgoing JSON messages create an empty file at f:\Scala\labsheets\.metals\lsp.trace.json
Exception in thread "main" java.lang.RuntimeException: Couldn't find pwsh.exe or powershell.exe on path or in default system locations
	at dev.dirs.Util.windowsFallback(Util.java:284)
	at dev.dirs.Util.getWinDirs(Util.java:166)
	at dev.dirs.ProjectDirectories.fromPath(ProjectDirectories.java:255)
	at scala.meta.internal.bsp.BspServers$.globalInstallDirectories(BspServers.scala:206)
	at scala.meta.internal.metals.MetalsServerInputs$.productionConfiguration(MetalsServerInputs.scala:72)
	at scala.meta.metals.MetalsLanguageServer$.$lessinit$greater$default$3(MetalsLanguageServer.scala:48)
	at scala.meta.metals.Main$.main(Main.scala:45)
	at scala.meta.metals.Main.main(Main.scala)
Caused by: java.io.IOException: Cannot run program "C:\WINDOWS\System32\WindowsPowerShell\v1.0\powershell.exe": CreateProcess error=225, Operation did not complete successfully because the file contains a virus or potentially unwanted software
	at java.base/java.lang.ProcessBuilder.start(ProcessBuilder.java:1143)
	at java.base/java.lang.ProcessBuilder.start(ProcessBuilder.java:1073)
	at dev.dirs.Util.runCommands(Util.java:197)
	at dev.dirs.Util.runWinCommands(Util.java:233)
	at dev.dirs.Util.windowsFallback(Util.java:282)
	... 7 more
Caused by: java.io.IOException: CreateProcess error=225, Operation did not complete successfully because the file contains a virus or potentially unwanted software
	at java.base/java.lang.ProcessImpl.create(Native Method)
	at java.base/java.lang.ProcessImpl.<init>(ProcessImpl.java:494)
	at java.base/java.lang.ProcessImpl.start(ProcessImpl.java:159)
	at java.base/java.lang.ProcessBuilder.start(ProcessBuilder.java:1110)
	... 11 more
2024.07.01 20:40:31 INFO  tracing is disabled for protocol LSP, to enable tracing of incoming and outgoing JSON messages create an empty file at f:\Scala\labsheets\.metals\lsp.trace.json
Exception in thread "main" java.lang.RuntimeException: Couldn't find pwsh.exe or powershell.exe on path or in default system locations
	at dev.dirs.Util.windowsFallback(Util.java:284)
	at dev.dirs.Util.getWinDirs(Util.java:166)
	at dev.dirs.ProjectDirectories.fromPath(ProjectDirectories.java:255)
	at scala.meta.internal.bsp.BspServers$.globalInstallDirectories(BspServers.scala:206)
	at scala.meta.internal.metals.MetalsServerInputs$.productionConfiguration(MetalsServerInputs.scala:72)
	at scala.meta.metals.MetalsLanguageServer$.$lessinit$greater$default$3(MetalsLanguageServer.scala:48)
	at scala.meta.metals.Main$.main(Main.scala:45)
	at scala.meta.metals.Main.main(Main.scala)
Caused by: java.io.IOException: Cannot run program "C:\WINDOWS\System32\WindowsPowerShell\v1.0\powershell.exe": CreateProcess error=225, Operation did not complete successfully because the file contains a virus or potentially unwanted software
	at java.base/java.lang.ProcessBuilder.start(ProcessBuilder.java:1143)
	at java.base/java.lang.ProcessBuilder.start(ProcessBuilder.java:1073)
	at dev.dirs.Util.runCommands(Util.java:197)
	at dev.dirs.Util.runWinCommands(Util.java:233)
	at dev.dirs.Util.windowsFallback(Util.java:282)
	... 7 more
Caused by: java.io.IOException: CreateProcess error=225, Operation did not complete successfully because the file contains a virus or potentially unwanted software
	at java.base/java.lang.ProcessImpl.create(Native Method)
	at java.base/java.lang.ProcessImpl.<init>(ProcessImpl.java:494)
	at java.base/java.lang.ProcessImpl.start(ProcessImpl.java:159)
	at java.base/java.lang.ProcessBuilder.start(ProcessBuilder.java:1110)
	... 11 more
2024.07.01 20:40:33 INFO  tracing is disabled for protocol LSP, to enable tracing of incoming and outgoing JSON messages create an empty file at f:\Scala\labsheets\.metals\lsp.trace.json
Exception in thread "main" java.lang.RuntimeException: Couldn't find pwsh.exe or powershell.exe on path or in default system locations
	at dev.dirs.Util.windowsFallback(Util.java:284)
	at dev.dirs.Util.getWinDirs(Util.java:166)
	at dev.dirs.ProjectDirectories.fromPath(ProjectDirectories.java:255)
	at scala.meta.internal.bsp.BspServers$.globalInstallDirectories(BspServers.scala:206)
	at scala.meta.internal.metals.MetalsServerInputs$.productionConfiguration(MetalsServerInputs.scala:72)
	at scala.meta.metals.MetalsLanguageServer$.$lessinit$greater$default$3(MetalsLanguageServer.scala:48)
	at scala.meta.metals.Main$.main(Main.scala:45)
	at scala.meta.metals.Main.main(Main.scala)
Caused by: java.io.IOException: Cannot run program "C:\WINDOWS\System32\WindowsPowerShell\v1.0\powershell.exe": CreateProcess error=225, Operation did not complete successfully because the file contains a virus or potentially unwanted software
	at java.base/java.lang.ProcessBuilder.start(ProcessBuilder.java:1143)
	at java.base/java.lang.ProcessBuilder.start(ProcessBuilder.java:1073)
	at dev.dirs.Util.runCommands(Util.java:197)
	at dev.dirs.Util.runWinCommands(Util.java:233)
	at dev.dirs.Util.windowsFallback(Util.java:282)
	... 7 more
Caused by: java.io.IOException: CreateProcess error=225, Operation did not complete successfully because the file contains a virus or potentially unwanted software
	at java.base/java.lang.ProcessImpl.create(Native Method)
	at java.base/java.lang.ProcessImpl.<init>(ProcessImpl.java:494)
	at java.base/java.lang.ProcessImpl.start(ProcessImpl.java:159)
	at java.base/java.lang.ProcessBuilder.start(ProcessBuilder.java:1110)
	... 11 more
2024.07.08 20:15:55 INFO  tracing is disabled for protocol LSP, to enable tracing of incoming and outgoing JSON messages create an empty file at f:\Scala\labsheets\.metals\lsp.trace.json
Exception in thread "main" java.lang.RuntimeException: Couldn't find pwsh.exe or powershell.exe on path or in default system locations
	at dev.dirs.Util.windowsFallback(Util.java:284)
	at dev.dirs.Util.getWinDirs(Util.java:166)
	at dev.dirs.ProjectDirectories.fromPath(ProjectDirectories.java:255)
	at scala.meta.internal.bsp.BspServers$.globalInstallDirectories(BspServers.scala:206)
	at scala.meta.internal.metals.MetalsServerInputs$.productionConfiguration(MetalsServerInputs.scala:72)
	at scala.meta.metals.MetalsLanguageServer$.$lessinit$greater$default$3(MetalsLanguageServer.scala:48)
	at scala.meta.metals.Main$.main(Main.scala:45)
	at scala.meta.metals.Main.main(Main.scala)
Caused by: java.io.IOException: Cannot run program "C:\WINDOWS\System32\WindowsPowerShell\v1.0\powershell.exe": CreateProcess error=225, Operation did not complete successfully because the file contains a virus or potentially unwanted software
	at java.base/java.lang.ProcessBuilder.start(ProcessBuilder.java:1143)
	at java.base/java.lang.ProcessBuilder.start(ProcessBuilder.java:1073)
	at dev.dirs.Util.runCommands(Util.java:197)
	at dev.dirs.Util.runWinCommands(Util.java:233)
	at dev.dirs.Util.windowsFallback(Util.java:282)
	... 7 more
Caused by: java.io.IOException: CreateProcess error=225, Operation did not complete successfully because the file contains a virus or potentially unwanted software
	at java.base/java.lang.ProcessImpl.create(Native Method)
	at java.base/java.lang.ProcessImpl.<init>(ProcessImpl.java:494)
	at java.base/java.lang.ProcessImpl.start(ProcessImpl.java:159)
	at java.base/java.lang.ProcessBuilder.start(ProcessBuilder.java:1110)
	... 11 more
2024.07.08 20:15:57 INFO  tracing is disabled for protocol LSP, to enable tracing of incoming and outgoing JSON messages create an empty file at f:\Scala\labsheets\.metals\lsp.trace.json
Exception in thread "main" java.lang.RuntimeException: Couldn't find pwsh.exe or powershell.exe on path or in default system locations
	at dev.dirs.Util.windowsFallback(Util.java:284)
	at dev.dirs.Util.getWinDirs(Util.java:166)
	at dev.dirs.ProjectDirectories.fromPath(ProjectDirectories.java:255)
	at scala.meta.internal.bsp.BspServers$.globalInstallDirectories(BspServers.scala:206)
	at scala.meta.internal.metals.MetalsServerInputs$.productionConfiguration(MetalsServerInputs.scala:72)
	at scala.meta.metals.MetalsLanguageServer$.$lessinit$greater$default$3(MetalsLanguageServer.scala:48)
	at scala.meta.metals.Main$.main(Main.scala:45)
	at scala.meta.metals.Main.main(Main.scala)
Caused by: java.io.IOException: Cannot run program "C:\WINDOWS\System32\WindowsPowerShell\v1.0\powershell.exe": CreateProcess error=225, Operation did not complete successfully because the file contains a virus or potentially unwanted software
	at java.base/java.lang.ProcessBuilder.start(ProcessBuilder.java:1143)
	at java.base/java.lang.ProcessBuilder.start(ProcessBuilder.java:1073)
	at dev.dirs.Util.runCommands(Util.java:197)
	at dev.dirs.Util.runWinCommands(Util.java:233)
	at dev.dirs.Util.windowsFallback(Util.java:282)
	... 7 more
Caused by: java.io.IOException: CreateProcess error=225, Operation did not complete successfully because the file contains a virus or potentially unwanted software
	at java.base/java.lang.ProcessImpl.create(Native Method)
	at java.base/java.lang.ProcessImpl.<init>(ProcessImpl.java:494)
	at java.base/java.lang.ProcessImpl.start(ProcessImpl.java:159)
	at java.base/java.lang.ProcessBuilder.start(ProcessBuilder.java:1110)
	... 11 more
2024.07.08 20:15:59 INFO  tracing is disabled for protocol LSP, to enable tracing of incoming and outgoing JSON messages create an empty file at f:\Scala\labsheets\.metals\lsp.trace.json
Exception in thread "main" java.lang.RuntimeException: Couldn't find pwsh.exe or powershell.exe on path or in default system locations
	at dev.dirs.Util.windowsFallback(Util.java:284)
	at dev.dirs.Util.getWinDirs(Util.java:166)
	at dev.dirs.ProjectDirectories.fromPath(ProjectDirectories.java:255)
	at scala.meta.internal.bsp.BspServers$.globalInstallDirectories(BspServers.scala:206)
	at scala.meta.internal.metals.MetalsServerInputs$.productionConfiguration(MetalsServerInputs.scala:72)
	at scala.meta.metals.MetalsLanguageServer$.$lessinit$greater$default$3(MetalsLanguageServer.scala:48)
	at scala.meta.metals.Main$.main(Main.scala:45)
	at scala.meta.metals.Main.main(Main.scala)
Caused by: java.io.IOException: Cannot run program "C:\WINDOWS\System32\WindowsPowerShell\v1.0\powershell.exe": CreateProcess error=225, Operation did not complete successfully because the file contains a virus or potentially unwanted software
	at java.base/java.lang.ProcessBuilder.start(ProcessBuilder.java:1143)
	at java.base/java.lang.ProcessBuilder.start(ProcessBuilder.java:1073)
	at dev.dirs.Util.runCommands(Util.java:197)
	at dev.dirs.Util.runWinCommands(Util.java:233)
	at dev.dirs.Util.windowsFallback(Util.java:282)
	... 7 more
Caused by: java.io.IOException: CreateProcess error=225, Operation did not complete successfully because the file contains a virus or potentially unwanted software
	at java.base/java.lang.ProcessImpl.create(Native Method)
	at java.base/java.lang.ProcessImpl.<init>(ProcessImpl.java:494)
	at java.base/java.lang.ProcessImpl.start(ProcessImpl.java:159)
	at java.base/java.lang.ProcessBuilder.start(ProcessBuilder.java:1110)
	... 11 more
2024.07.08 20:16:01 INFO  tracing is disabled for protocol LSP, to enable tracing of incoming and outgoing JSON messages create an empty file at f:\Scala\labsheets\.metals\lsp.trace.json
Exception in thread "main" java.lang.RuntimeException: Couldn't find pwsh.exe or powershell.exe on path or in default system locations
	at dev.dirs.Util.windowsFallback(Util.java:284)
	at dev.dirs.Util.getWinDirs(Util.java:166)
	at dev.dirs.ProjectDirectories.fromPath(ProjectDirectories.java:255)
	at scala.meta.internal.bsp.BspServers$.globalInstallDirectories(BspServers.scala:206)
	at scala.meta.internal.metals.MetalsServerInputs$.productionConfiguration(MetalsServerInputs.scala:72)
	at scala.meta.metals.MetalsLanguageServer$.$lessinit$greater$default$3(MetalsLanguageServer.scala:48)
	at scala.meta.metals.Main$.main(Main.scala:45)
	at scala.meta.metals.Main.main(Main.scala)
Caused by: java.io.IOException: Cannot run program "C:\WINDOWS\System32\WindowsPowerShell\v1.0\powershell.exe": CreateProcess error=225, Operation did not complete successfully because the file contains a virus or potentially unwanted software
	at java.base/java.lang.ProcessBuilder.start(ProcessBuilder.java:1143)
	at java.base/java.lang.ProcessBuilder.start(ProcessBuilder.java:1073)
	at dev.dirs.Util.runCommands(Util.java:197)
	at dev.dirs.Util.runWinCommands(Util.java:233)
	at dev.dirs.Util.windowsFallback(Util.java:282)
	... 7 more
Caused by: java.io.IOException: CreateProcess error=225, Operation did not complete successfully because the file contains a virus or potentially unwanted software
	at java.base/java.lang.ProcessImpl.create(Native Method)
	at java.base/java.lang.ProcessImpl.<init>(ProcessImpl.java:494)
	at java.base/java.lang.ProcessImpl.start(ProcessImpl.java:159)
	at java.base/java.lang.ProcessBuilder.start(ProcessBuilder.java:1110)
	... 11 more
2024.07.08 20:16:02 INFO  tracing is disabled for protocol LSP, to enable tracing of incoming and outgoing JSON messages create an empty file at f:\Scala\labsheets\.metals\lsp.trace.json
Exception in thread "main" java.lang.RuntimeException: Couldn't find pwsh.exe or powershell.exe on path or in default system locations
	at dev.dirs.Util.windowsFallback(Util.java:284)
	at dev.dirs.Util.getWinDirs(Util.java:166)
	at dev.dirs.ProjectDirectories.fromPath(ProjectDirectories.java:255)
	at scala.meta.internal.bsp.BspServers$.globalInstallDirectories(BspServers.scala:206)
	at scala.meta.internal.metals.MetalsServerInputs$.productionConfiguration(MetalsServerInputs.scala:72)
	at scala.meta.metals.MetalsLanguageServer$.$lessinit$greater$default$3(MetalsLanguageServer.scala:48)
	at scala.meta.metals.Main$.main(Main.scala:45)
	at scala.meta.metals.Main.main(Main.scala)
Caused by: java.io.IOException: Cannot run program "C:\WINDOWS\System32\WindowsPowerShell\v1.0\powershell.exe": CreateProcess error=225, Operation did not complete successfully because the file contains a virus or potentially unwanted software
	at java.base/java.lang.ProcessBuilder.start(ProcessBuilder.java:1143)
	at java.base/java.lang.ProcessBuilder.start(ProcessBuilder.java:1073)
	at dev.dirs.Util.runCommands(Util.java:197)
	at dev.dirs.Util.runWinCommands(Util.java:233)
	at dev.dirs.Util.windowsFallback(Util.java:282)
	... 7 more
Caused by: java.io.IOException: CreateProcess error=225, Operation did not complete successfully because the file contains a virus or potentially unwanted software
	at java.base/java.lang.ProcessImpl.create(Native Method)
	at java.base/java.lang.ProcessImpl.<init>(ProcessImpl.java:494)
	at java.base/java.lang.ProcessImpl.start(ProcessImpl.java:159)
	at java.base/java.lang.ProcessBuilder.start(ProcessBuilder.java:1110)
	... 11 more
