SLF4J(W): Class path contains multiple SLF4J providers.
SLF4J(W): Found provider [scribe.slf4j.ScribeServiceProvider@1db7c9bd]
SLF4J(W): Found provider [ch.qos.logback.classic.spi.LogbackServiceProvider@58fff0d]
SLF4J(W): See https://www.slf4j.org/codes.html#multiple_bindings for an explanation.
SLF4J(I): Actual provider is of type [scribe.slf4j.ScribeServiceProvider@1db7c9bd]
2024.06.16 11:00:27 WARN  Flyway upgrade recommended: H2 2.2.224 is newer than this version of Flyway and support has not been tested. The latest supported version of H2 is 2.2.220.
2024.06.16 11:00:28 INFO  no build target found for F:\Scala\labsheet01\labsheet_1.scala. Using presentation compiler with project's scala-library version: 3.3.3
2024.06.16 11:00:30 WARN  Could not find semantic tokens for: file:///F:/Scala/labsheet01/labsheet_1.scala
2024.06.16 11:00:32 INFO  Running List(C:\Users\ashan\AppData\Local\Coursier\data\bin\scala-cli.BAT, setup-ide, F:\Scala)
2024.06.16 11:00:32 INFO  Attempting to connect to the build server...
2024.06.16 11:00:32 INFO  Running BSP server List(C:\Users\ashan\AppData\Local\Coursier\data\bin\.scala-cli.aux.exe, bsp, --json-options, F:\Scala\.scala-build\ide-options-v2.json, --json-launcher-options, F:\Scala\.scala-build\ide-launcher-options.json, --envs-file, F:\Scala\.scala-build\ide-envs.json, F:\Scala)
2024.06.16 11:00:32 INFO  tracing is disabled for protocol BSP, to enable tracing of incoming and outgoing JSON messages create an empty file at F:\Scala\.metals\bsp.trace.json or C:\Users\ashan\AppData\Local\scalameta\metals\cache\bsp.trace.json
2024.06.16 11:00:34 INFO  time: Connected to build server in 2.14s
2024.06.16 11:00:34 INFO  Connected to Build server: scala-cli v1.3.2
2024.06.16 11:00:34 INFO  compiling scala_f4dd477a3a (1 scala source)
2024.06.16 11:00:34 INFO  time: compiled Scala_f4dd477a3a in 0.1s
2024.06.16 11:00:38 INFO  time: indexed workspace in 4.19s
2024.06.16 11:00:42 WARN  Could not find semantic tokens for: file:///F:/Scala/labsheet01/labsheet_1.scala
2024.06.16 11:00:44 WARN  Could not find semantic tokens for: file:///F:/Scala/labsheet01/labsheet_1.scala
2024.06.16 11:02:37 INFO  compiling scala_f4dd477a3a (1 scala source)
2024.06.16 11:02:37 INFO  time: compiled Scala_f4dd477a3a in 0.39s
2024.06.16 11:02:45 INFO  compiling scala_f4dd477a3a (1 scala source)
2024.06.16 11:02:45 INFO  time: compiled Scala_f4dd477a3a in 0.18s
2024.06.16 11:02:48 INFO  compiling scala_f4dd477a3a (1 scala source)
2024.06.16 11:02:48 INFO  time: compiled Scala_f4dd477a3a in 0.25s
2024.06.16 11:02:49 INFO  compiling scala_f4dd477a3a (1 scala source)
2024.06.16 11:02:49 INFO  time: compiled Scala_f4dd477a3a in 0.15s
2024.06.16 11:02:52 INFO  compiling scala_f4dd477a3a (1 scala source)
2024.06.16 11:02:52 INFO  time: compiled Scala_f4dd477a3a in 0.19s
2024.06.16 11:02:56 INFO  compiling scala_f4dd477a3a (1 scala source)
2024.06.16 11:02:56 INFO  time: compiled Scala_f4dd477a3a in 0.14s
2024.06.16 11:02:58 INFO  compiling scala_f4dd477a3a (1 scala source)
2024.06.16 11:02:58 INFO  time: compiled Scala_f4dd477a3a in 0.12s
2024.06.16 11:03:23 INFO  compiling scala_f4dd477a3a (1 scala source)
2024.06.16 11:03:23 INFO  time: compiled Scala_f4dd477a3a in 0.14s
2024.06.16 11:03:24 INFO  compiling scala_f4dd477a3a (1 scala source)
2024.06.16 11:03:24 INFO  time: compiled Scala_f4dd477a3a in 0.19s
2024.06.16 11:03:31 INFO  compiling scala_f4dd477a3a (1 scala source)
2024.06.16 11:03:31 INFO  time: compiled Scala_f4dd477a3a in 0.13s
2024.06.16 11:03:33 INFO  compiling scala_f4dd477a3a (1 scala source)
2024.06.16 11:03:33 INFO  time: compiled Scala_f4dd477a3a in 0.12s
2024.06.16 11:03:36 INFO  compiling scala_f4dd477a3a (1 scala source)
2024.06.16 11:03:36 INFO  time: compiled Scala_f4dd477a3a in 0.13s
2024.06.16 11:03:38 INFO  compiling scala_f4dd477a3a (1 scala source)
2024.06.16 11:03:38 INFO  time: compiled Scala_f4dd477a3a in 0.1s
2024.06.16 11:03:41 INFO  compiling scala_f4dd477a3a (1 scala source)
2024.06.16 11:03:41 INFO  time: compiled Scala_f4dd477a3a in 0.13s
2024.06.16 11:03:54 INFO  compiling scala_f4dd477a3a (1 scala source)
2024.06.16 11:03:54 INFO  time: compiled Scala_f4dd477a3a in 0.13s
2024.06.16 11:03:58 INFO  compiling scala_f4dd477a3a (1 scala source)
2024.06.16 11:03:58 INFO  time: compiled Scala_f4dd477a3a in 0.12s
2024.06.16 11:04:02 INFO  compiling scala_f4dd477a3a (1 scala source)
2024.06.16 11:04:02 INFO  time: compiled Scala_f4dd477a3a in 0.13s
2024.06.16 11:04:05 INFO  compiling scala_f4dd477a3a (1 scala source)
2024.06.16 11:04:05 INFO  time: compiled Scala_f4dd477a3a in 0.12s
2024.06.16 11:05:14 INFO  compiling scala_f4dd477a3a (1 scala source)
2024.06.16 11:05:14 INFO  time: compiled Scala_f4dd477a3a in 0.16s
Jun 16, 2024 11:05:23 AM org.eclipse.lsp4j.jsonrpc.services.GenericEndpoint notify
INFO: Unsupported notification method: $/setTrace
2024.06.16 11:16:53 INFO  Shutting down server
2024.06.16 11:16:53 INFO  shutting down Metals
2024.06.16 11:16:53 INFO  Shut down connection with build server.
2024.06.16 11:16:53 INFO  Exiting server
2024.06.16 11:23:14 INFO  Started: Metals version 1.3.1 in folders 'F:\Scala' for client Visual Studio Code 1.90.1.
SLF4J(W): Class path contains multiple SLF4J providers.
SLF4J(W): Found provider [scribe.slf4j.ScribeServiceProvider@72d98a9]
SLF4J(W): Found provider [ch.qos.logback.classic.spi.LogbackServiceProvider@f1ecf5b]
SLF4J(W): See https://www.slf4j.org/codes.html#multiple_bindings for an explanation.
SLF4J(I): Actual provider is of type [scribe.slf4j.ScribeServiceProvider@72d98a9]
2024.06.16 11:23:14 WARN  Flyway upgrade recommended: H2 2.2.224 is newer than this version of Flyway and support has not been tested. The latest supported version of H2 is 2.2.220.
2024.06.16 11:23:15 INFO  Attempting to connect to the build server...
2024.06.16 11:23:15 INFO  Running BSP server List(C:\Users\ashan\AppData\Local\Coursier\data\bin\.scala-cli.aux.exe, bsp, --json-options, F:\Scala\.scala-build\ide-options-v2.json, --json-launcher-options, F:\Scala\.scala-build\ide-launcher-options.json, --envs-file, F:\Scala\.scala-build\ide-envs.json, F:\Scala)
2024.06.16 11:23:15 INFO  tracing is disabled for protocol BSP, to enable tracing of incoming and outgoing JSON messages create an empty file at F:\Scala\.metals\bsp.trace.json or C:\Users\ashan\AppData\Local\scalameta\metals\cache\bsp.trace.json
2024.06.16 11:23:20 INFO  time: Connected to build server in 4.88s
2024.06.16 11:23:20 INFO  Connected to Build server: scala-cli v1.3.2
2024.06.16 11:23:25 INFO  time: indexed workspace in 4.55s
2024.06.16 11:53:49 INFO  Shutting down server
2024.06.16 11:53:49 INFO  shutting down Metals
2024.06.16 11:53:50 INFO  Shut down connection with build server.
2024.06.16 11:53:49 INFO  Exiting server
2024.06.18 08:39:02 INFO  Started: Metals version 1.3.1 in folders 'F:\Scala' for client Visual Studio Code 1.90.1.
SLF4J(W): Class path contains multiple SLF4J providers.
SLF4J(W): Found provider [scribe.slf4j.ScribeServiceProvider@555ad8eb]
SLF4J(W): Found provider [ch.qos.logback.classic.spi.LogbackServiceProvider@38c053fe]
SLF4J(W): See https://www.slf4j.org/codes.html#multiple_bindings for an explanation.
SLF4J(I): Actual provider is of type [scribe.slf4j.ScribeServiceProvider@555ad8eb]
2024.06.18 08:39:03 WARN  Flyway upgrade recommended: H2 2.2.224 is newer than this version of Flyway and support has not been tested. The latest supported version of H2 is 2.2.220.
2024.06.18 08:39:04 INFO  no build target found for F:\Scala\labsheet01\labsheet_1.scala. Using presentation compiler with project's scala-library version: 3.3.3
2024.06.18 08:39:04 INFO  Attempting to connect to the build server...
2024.06.18 08:39:04 INFO  Running BSP server List(C:\Users\ashan\AppData\Local\Coursier\data\bin\.scala-cli.aux.exe, bsp, --json-options, F:\Scala\.scala-build\ide-options-v2.json, --json-launcher-options, F:\Scala\.scala-build\ide-launcher-options.json, --envs-file, F:\Scala\.scala-build\ide-envs.json, F:\Scala)
2024.06.18 08:39:04 INFO  tracing is disabled for protocol BSP, to enable tracing of incoming and outgoing JSON messages create an empty file at F:\Scala\.metals\bsp.trace.json or C:\Users\ashan\AppData\Local\scalameta\metals\cache\bsp.trace.json
2024.06.18 08:39:09 INFO  time: Connected to build server in 5.3s
2024.06.18 08:39:09 INFO  Connected to Build server: scala-cli v1.3.2
2024.06.18 08:39:10 INFO  time: Imported build in 0.14s
2024.06.18 08:39:10 INFO  compiling scala_f4dd477a3a (1 scala source)
2024.06.18 08:39:22 INFO  time: indexed workspace in 11s
Jun 18, 2024 8:39:34 AM org.eclipse.lsp4j.jsonrpc.services.GenericEndpoint notify
INFO: Unsupported notification method: $/setTrace
2024.06.18 08:40:14 INFO  Shutting down server
2024.06.18 08:40:14 INFO  shutting down Metals
2024.06.18 08:40:14 INFO  Shut down connection with build server.
2024.06.18 08:40:14 INFO  Exiting server
